d:\projects\engine_project\primeengine\dependencies\freeimage\source\libjpeg\x64\release\jdarith.obj
d:\projects\engine_project\primeengine\dependencies\freeimage\source\libjpeg\x64\release\jdapistd.obj
d:\projects\engine_project\primeengine\dependencies\freeimage\source\libjpeg\x64\release\jdapimin.obj
d:\projects\engine_project\primeengine\dependencies\freeimage\source\libjpeg\x64\release\jctrans.obj
d:\projects\engine_project\primeengine\dependencies\freeimage\source\libjpeg\x64\release\jcsample.obj
d:\projects\engine_project\primeengine\dependencies\freeimage\source\libjpeg\x64\release\jcprepct.obj
d:\projects\engine_project\primeengine\dependencies\freeimage\source\libjpeg\x64\release\jcparam.obj
d:\projects\engine_project\primeengine\dependencies\freeimage\source\libjpeg\x64\release\jcomapi.obj
d:\projects\engine_project\primeengine\dependencies\freeimage\source\libjpeg\x64\release\jcmaster.obj
d:\projects\engine_project\primeengine\dependencies\freeimage\source\libjpeg\x64\release\jcmarker.obj
d:\projects\engine_project\primeengine\dependencies\freeimage\source\libjpeg\x64\release\jcmainct.obj
d:\projects\engine_project\primeengine\dependencies\freeimage\source\libjpeg\x64\release\jcinit.obj
d:\projects\engine_project\primeengine\dependencies\freeimage\source\libjpeg\x64\release\jchuff.obj
d:\projects\engine_project\primeengine\dependencies\freeimage\source\libjpeg\x64\release\jcdctmgr.obj
d:\projects\engine_project\primeengine\dependencies\freeimage\source\libjpeg\x64\release\jccolor.obj
d:\projects\engine_project\primeengine\dependencies\freeimage\source\libjpeg\x64\release\jccoefct.obj
d:\projects\engine_project\primeengine\dependencies\freeimage\source\libjpeg\x64\release\jcarith.obj
d:\projects\engine_project\primeengine\dependencies\freeimage\source\libjpeg\x64\release\jcapistd.obj
d:\projects\engine_project\primeengine\dependencies\freeimage\source\libjpeg\x64\release\jcapimin.obj
d:\projects\engine_project\primeengine\dependencies\freeimage\source\libjpeg\x64\release\jaricom.obj
d:\projects\engine_project\primeengine\dependencies\freeimage\source\libjpeg\x64\release\jidctfst.obj
d:\projects\engine_project\primeengine\dependencies\freeimage\source\libjpeg\x64\release\jidctflt.obj
d:\projects\engine_project\primeengine\dependencies\freeimage\source\libjpeg\x64\release\jfdctint.obj
d:\projects\engine_project\primeengine\dependencies\freeimage\source\libjpeg\x64\release\jfdctfst.obj
d:\projects\engine_project\primeengine\dependencies\freeimage\source\libjpeg\x64\release\jfdctflt.obj
d:\projects\engine_project\primeengine\dependencies\freeimage\source\libjpeg\x64\release\jerror.obj
d:\projects\engine_project\primeengine\dependencies\freeimage\source\libjpeg\x64\release\jdtrans.obj
d:\projects\engine_project\primeengine\dependencies\freeimage\source\libjpeg\x64\release\jdsample.obj
d:\projects\engine_project\primeengine\dependencies\freeimage\source\libjpeg\x64\release\jdpostct.obj
d:\projects\engine_project\primeengine\dependencies\freeimage\source\libjpeg\x64\release\jdmerge.obj
d:\projects\engine_project\primeengine\dependencies\freeimage\source\libjpeg\x64\release\jdmaster.obj
d:\projects\engine_project\primeengine\dependencies\freeimage\source\libjpeg\x64\release\jdmarker.obj
d:\projects\engine_project\primeengine\dependencies\freeimage\source\libjpeg\x64\release\jdmainct.obj
d:\projects\engine_project\primeengine\dependencies\freeimage\source\libjpeg\x64\release\jdinput.obj
d:\projects\engine_project\primeengine\dependencies\freeimage\source\libjpeg\x64\release\jdhuff.obj
d:\projects\engine_project\primeengine\dependencies\freeimage\source\libjpeg\x64\release\jddctmgr.obj
d:\projects\engine_project\primeengine\dependencies\freeimage\source\libjpeg\x64\release\jdcolor.obj
d:\projects\engine_project\primeengine\dependencies\freeimage\source\libjpeg\x64\release\jdcoefct.obj
d:\projects\engine_project\primeengine\dependencies\freeimage\source\libjpeg\x64\release\jdatasrc.obj
d:\projects\engine_project\primeengine\dependencies\freeimage\source\libjpeg\x64\release\jdatadst.obj
d:\projects\engine_project\primeengine\dependencies\freeimage\source\libjpeg\x64\release\transupp.obj
d:\projects\engine_project\primeengine\dependencies\freeimage\source\libjpeg\x64\release\jutils.obj
d:\projects\engine_project\primeengine\dependencies\freeimage\source\libjpeg\x64\release\jquant2.obj
d:\projects\engine_project\primeengine\dependencies\freeimage\source\libjpeg\x64\release\jquant1.obj
d:\projects\engine_project\primeengine\dependencies\freeimage\source\libjpeg\x64\release\jmemnobs.obj
d:\projects\engine_project\primeengine\dependencies\freeimage\source\libjpeg\x64\release\jmemmgr.obj
d:\projects\engine_project\primeengine\dependencies\freeimage\source\libjpeg\x64\release\jidctint.obj
d:\projects\engine_project\primeengine\dependencies\freeimage\source\libjpeg\x64\release\libjpeg.lib
d:\projects\engine_project\primeengine\dependencies\freeimage\source\libjpeg\.\x64\release\libjpeg.lib
d:\projects\engine_project\primeengine\dependencies\freeimage\source\libjpeg\x64\release\libjpeg.tlog\cl.command.1.tlog
d:\projects\engine_project\primeengine\dependencies\freeimage\source\libjpeg\x64\release\libjpeg.tlog\cl.read.1.tlog
d:\projects\engine_project\primeengine\dependencies\freeimage\source\libjpeg\x64\release\libjpeg.tlog\cl.write.1.tlog
d:\projects\engine_project\primeengine\dependencies\freeimage\source\libjpeg\x64\release\libjpeg.tlog\lib-link.read.1.tlog
d:\projects\engine_project\primeengine\dependencies\freeimage\source\libjpeg\x64\release\libjpeg.tlog\lib-link.write.1.tlog
d:\projects\engine_project\primeengine\dependencies\freeimage\source\libjpeg\x64\release\libjpeg.tlog\lib.command.1.tlog
