c:\_tomas monkeivc\projects\engine project\build\bin\primeengine-core\x64\debug\vc140.pdb
c:\_tomas monkeivc\projects\engine project\build\bin\primeengine-core\x64\debug\vc140.idb
c:\_tomas monkeivc\projects\engine project\build\bin\primeengine-core\x64\debug\indexbuffer.obj
c:\_tomas monkeivc\projects\engine project\build\bin\primeengine-core\x64\debug\vertexarray.obj
c:\_tomas monkeivc\projects\engine project\build\bin\primeengine-core\x64\debug\vertexbuffer.obj
c:\_tomas monkeivc\projects\engine project\build\bin\primeengine-core\x64\debug\camera.obj
c:\_tomas monkeivc\projects\engine project\build\bin\primeengine-core\x64\debug\group.obj
c:\_tomas monkeivc\projects\engine project\build\bin\primeengine-core\x64\debug\shader.obj
c:\_tomas monkeivc\projects\engine project\build\bin\primeengine-core\x64\debug\simplerenderer2d.obj
c:\_tomas monkeivc\projects\engine project\build\bin\primeengine-core\x64\debug\simplesprite.obj
c:\_tomas monkeivc\projects\engine project\build\bin\primeengine-core\x64\debug\sprite.obj
c:\_tomas monkeivc\projects\engine project\build\bin\primeengine-core\x64\debug\input.obj
c:\_tomas monkeivc\projects\engine project\build\bin\primeengine-core\x64\debug\matrix4x4.obj
c:\_tomas monkeivc\projects\engine project\build\bin\primeengine-core\x64\debug\vector2.obj
c:\_tomas monkeivc\projects\engine project\build\bin\primeengine-core\x64\debug\vector4.obj
c:\_tomas monkeivc\projects\engine project\build\bin\primeengine-core\x64\debug\window.obj
c:\_tomas monkeivc\projects\engine project\build\bin\primeengine-core\x64\debug\vector3.obj
c:\_tomas monkeivc\projects\engine project\build\bin\primeengine-core\x64\debug\networkclient.obj
c:\_tomas monkeivc\projects\engine project\build\bin\primeengine-core\x64\debug\networkhost.obj
c:\_tomas monkeivc\projects\engine project\build\bin\primeengine-core\x64\debug\networksever.obj
c:\_tomas monkeivc\projects\engine project\build\bin\primeengine-core\x64\debug\primeexception.obj
c:\_tomas monkeivc\projects\engine project\build\bin\primeengine-core\x64\debug\time.obj
c:\_tomas monkeivc\projects\engine project\build\bin\primeengine-core\x64\debug\batchrenderer2d.obj
c:\_tomas monkeivc\projects\engine project\build\bin\primeengine-core\x64\debug\layer.obj
c:\_tomas monkeivc\projects\engine project\build\x64\debug\primeengine-core.ilk
c:\_tomas monkeivc\projects\engine project\build\x64\debug\primeengine-core.dll
c:\_tomas monkeivc\projects\engine project\build\x64\debug\primeengine-core.pdb
c:\_tomas monkeivc\projects\engine project\build\x64\debug\primeengine-core.lib
c:\_tomas monkeivc\projects\engine project\build\x64\debug\primeengine-core.exp
c:\_tomas monkeivc\projects\engine project\primeengine\primeengine-core\..\..\build\x64\debug\primeengine-core.pdb
c:\_tomas monkeivc\projects\engine project\primeengine\primeengine-core\..\..\build\x64\debug\primeengine-core.dll
c:\_tomas monkeivc\projects\engine project\primeengine\primeengine-core\..\..\build\x64\debug\primeengine-core.ilk
c:\_tomas monkeivc\projects\engine project\build\bin\primeengine-core\x64\debug\primeengine-core.tlog\cl.command.1.tlog
c:\_tomas monkeivc\projects\engine project\build\bin\primeengine-core\x64\debug\primeengine-core.tlog\cl.read.1.tlog
c:\_tomas monkeivc\projects\engine project\build\bin\primeengine-core\x64\debug\primeengine-core.tlog\cl.write.1.tlog
c:\_tomas monkeivc\projects\engine project\build\bin\primeengine-core\x64\debug\primeengine-core.tlog\link.command.1.tlog
c:\_tomas monkeivc\projects\engine project\build\bin\primeengine-core\x64\debug\primeengine-core.tlog\link.read.1.tlog
c:\_tomas monkeivc\projects\engine project\build\bin\primeengine-core\x64\debug\primeengine-core.tlog\link.write.1.tlog
c:\_tomas monkeivc\projects\engine project\build\bin\primeengine-core\x64\debug\primeengine-core.tlog\primeengine-core.write.1u.tlog
