d:\projects\engine_project\primeengine\dependencies\freeimage\source\openexr\x64\release\imfdeepscanlineinputpart.obj
d:\projects\engine_project\primeengine\dependencies\freeimage\source\openexr\x64\release\imfdeepscanlineinputfile.obj
d:\projects\engine_project\primeengine\dependencies\freeimage\source\openexr\x64\release\imfdeepimagestateattribute.obj
d:\projects\engine_project\primeengine\dependencies\freeimage\source\openexr\x64\release\imfdeepframebuffer.obj
d:\projects\engine_project\primeengine\dependencies\freeimage\source\openexr\x64\release\imfdeepcompositing.obj
d:\projects\engine_project\primeengine\dependencies\freeimage\source\openexr\x64\release\imfcrgbafile.obj
d:\projects\engine_project\primeengine\dependencies\freeimage\source\openexr\x64\release\imfconvert.obj
d:\projects\engine_project\primeengine\dependencies\freeimage\source\openexr\x64\release\imfcompressor.obj
d:\projects\engine_project\primeengine\dependencies\freeimage\source\openexr\x64\release\imfcompressionattribute.obj
d:\projects\engine_project\primeengine\dependencies\freeimage\source\openexr\x64\release\imfcompositedeepscanline.obj
d:\projects\engine_project\primeengine\dependencies\freeimage\source\openexr\x64\release\imfchromaticitiesattribute.obj
d:\projects\engine_project\primeengine\dependencies\freeimage\source\openexr\x64\release\imfchromaticities.obj
d:\projects\engine_project\primeengine\dependencies\freeimage\source\openexr\x64\release\imfchannellistattribute.obj
d:\projects\engine_project\primeengine\dependencies\freeimage\source\openexr\x64\release\imfchannellist.obj
d:\projects\engine_project\primeengine\dependencies\freeimage\source\openexr\x64\release\imfboxattribute.obj
d:\projects\engine_project\primeengine\dependencies\freeimage\source\openexr\x64\release\imfb44compressor.obj
d:\projects\engine_project\primeengine\dependencies\freeimage\source\openexr\x64\release\imfattribute.obj
d:\projects\engine_project\primeengine\dependencies\freeimage\source\openexr\x64\release\imfacesfile.obj
d:\projects\engine_project\primeengine\dependencies\freeimage\source\openexr\x64\release\b44explogtable.obj
d:\projects\engine_project\primeengine\dependencies\freeimage\source\openexr\x64\release\iexmathfpu.obj
d:\projects\engine_project\primeengine\dependencies\freeimage\source\openexr\x64\release\imfinputfile.obj
d:\projects\engine_project\primeengine\dependencies\freeimage\source\openexr\x64\release\imfhuf.obj
d:\projects\engine_project\primeengine\dependencies\freeimage\source\openexr\x64\release\imfheader.obj
d:\projects\engine_project\primeengine\dependencies\freeimage\source\openexr\x64\release\imfgenericoutputfile.obj
d:\projects\engine_project\primeengine\dependencies\freeimage\source\openexr\x64\release\imfgenericinputfile.obj
d:\projects\engine_project\primeengine\dependencies\freeimage\source\openexr\x64\release\imfframespersecond.obj
d:\projects\engine_project\primeengine\dependencies\freeimage\source\openexr\x64\release\imfframebuffer.obj
d:\projects\engine_project\primeengine\dependencies\freeimage\source\openexr\x64\release\imffloatvectorattribute.obj
d:\projects\engine_project\primeengine\dependencies\freeimage\source\openexr\x64\release\imffloatattribute.obj
d:\projects\engine_project\primeengine\dependencies\freeimage\source\openexr\x64\release\imffasthuf.obj
d:\projects\engine_project\primeengine\dependencies\freeimage\source\openexr\x64\release\imfenvmapattribute.obj
d:\projects\engine_project\primeengine\dependencies\freeimage\source\openexr\x64\release\imfenvmap.obj
d:\projects\engine_project\primeengine\dependencies\freeimage\source\openexr\x64\release\imfdwacompressor.obj
d:\projects\engine_project\primeengine\dependencies\freeimage\source\openexr\x64\release\imfdoubleattribute.obj
d:\projects\engine_project\primeengine\dependencies\freeimage\source\openexr\x64\release\imfdeeptiledoutputpart.obj
d:\projects\engine_project\primeengine\dependencies\freeimage\source\openexr\x64\release\imfdeeptiledoutputfile.obj
d:\projects\engine_project\primeengine\dependencies\freeimage\source\openexr\x64\release\imfdeeptiledinputpart.obj
d:\projects\engine_project\primeengine\dependencies\freeimage\source\openexr\x64\release\imfdeeptiledinputfile.obj
d:\projects\engine_project\primeengine\dependencies\freeimage\source\openexr\x64\release\imfdeepscanlineoutputpart.obj
d:\projects\engine_project\primeengine\dependencies\freeimage\source\openexr\x64\release\imfdeepscanlineoutputfile.obj
d:\projects\engine_project\primeengine\dependencies\freeimage\source\openexr\x64\release\imfpreviewimage.obj
d:\projects\engine_project\primeengine\dependencies\freeimage\source\openexr\x64\release\imfpizcompressor.obj
d:\projects\engine_project\primeengine\dependencies\freeimage\source\openexr\x64\release\imfparttype.obj
d:\projects\engine_project\primeengine\dependencies\freeimage\source\openexr\x64\release\imfoutputpartdata.obj
d:\projects\engine_project\primeengine\dependencies\freeimage\source\openexr\x64\release\imfoutputpart.obj
d:\projects\engine_project\primeengine\dependencies\freeimage\source\openexr\x64\release\imfoutputfile.obj
d:\projects\engine_project\primeengine\dependencies\freeimage\source\openexr\x64\release\imfopaqueattribute.obj
d:\projects\engine_project\primeengine\dependencies\freeimage\source\openexr\x64\release\imfmultiview.obj
d:\projects\engine_project\primeengine\dependencies\freeimage\source\openexr\x64\release\imfmultipartoutputfile.obj
d:\projects\engine_project\primeengine\dependencies\freeimage\source\openexr\x64\release\imfmultipartinputfile.obj
d:\projects\engine_project\primeengine\dependencies\freeimage\source\openexr\x64\release\imfmisc.obj
d:\projects\engine_project\primeengine\dependencies\freeimage\source\openexr\x64\release\imfmatrixattribute.obj
d:\projects\engine_project\primeengine\dependencies\freeimage\source\openexr\x64\release\imflut.obj
d:\projects\engine_project\primeengine\dependencies\freeimage\source\openexr\x64\release\imflineorderattribute.obj
d:\projects\engine_project\primeengine\dependencies\freeimage\source\openexr\x64\release\imfkeycodeattribute.obj
d:\projects\engine_project\primeengine\dependencies\freeimage\source\openexr\x64\release\imfkeycode.obj
d:\projects\engine_project\primeengine\dependencies\freeimage\source\openexr\x64\release\imfio.obj
d:\projects\engine_project\primeengine\dependencies\freeimage\source\openexr\x64\release\imfintattribute.obj
d:\projects\engine_project\primeengine\dependencies\freeimage\source\openexr\x64\release\imfinputpartdata.obj
d:\projects\engine_project\primeengine\dependencies\freeimage\source\openexr\x64\release\imfinputpart.obj
d:\projects\engine_project\primeengine\dependencies\freeimage\source\openexr\x64\release\imftiledmisc.obj
d:\projects\engine_project\primeengine\dependencies\freeimage\source\openexr\x64\release\imftiledinputpart.obj
d:\projects\engine_project\primeengine\dependencies\freeimage\source\openexr\x64\release\imftiledinputfile.obj
d:\projects\engine_project\primeengine\dependencies\freeimage\source\openexr\x64\release\imftiledescriptionattribute.obj
d:\projects\engine_project\primeengine\dependencies\freeimage\source\openexr\x64\release\imfthreading.obj
d:\projects\engine_project\primeengine\dependencies\freeimage\source\openexr\x64\release\imftestfile.obj
d:\projects\engine_project\primeengine\dependencies\freeimage\source\openexr\x64\release\imfsystemspecific.obj
d:\projects\engine_project\primeengine\dependencies\freeimage\source\openexr\x64\release\imfstringvectorattribute.obj
d:\projects\engine_project\primeengine\dependencies\freeimage\source\openexr\x64\release\imfstringattribute.obj
d:\projects\engine_project\primeengine\dependencies\freeimage\source\openexr\x64\release\imfstdio.obj
d:\projects\engine_project\primeengine\dependencies\freeimage\source\openexr\x64\release\imfstandardattributes.obj
d:\projects\engine_project\primeengine\dependencies\freeimage\source\openexr\x64\release\imfscanlineinputfile.obj
d:\projects\engine_project\primeengine\dependencies\freeimage\source\openexr\x64\release\imfrlecompressor.obj
d:\projects\engine_project\primeengine\dependencies\freeimage\source\openexr\x64\release\imfrle.obj
d:\projects\engine_project\primeengine\dependencies\freeimage\source\openexr\x64\release\imfrgbayca.obj
d:\projects\engine_project\primeengine\dependencies\freeimage\source\openexr\x64\release\imfrgbafile.obj
d:\projects\engine_project\primeengine\dependencies\freeimage\source\openexr\x64\release\imfrationalattribute.obj
d:\projects\engine_project\primeengine\dependencies\freeimage\source\openexr\x64\release\imfrational.obj
d:\projects\engine_project\primeengine\dependencies\freeimage\source\openexr\x64\release\imfpxr24compressor.obj
d:\projects\engine_project\primeengine\dependencies\freeimage\source\openexr\x64\release\imfpreviewimageattribute.obj
d:\projects\engine_project\primeengine\dependencies\freeimage\source\openexr\x64\release\iexthrowerrnoexc.obj
d:\projects\engine_project\primeengine\dependencies\freeimage\source\openexr\x64\release\iexbaseexc.obj
d:\projects\engine_project\primeengine\dependencies\freeimage\source\openexr\x64\release\imathvec.obj
d:\projects\engine_project\primeengine\dependencies\freeimage\source\openexr\x64\release\imathshear.obj
d:\projects\engine_project\primeengine\dependencies\freeimage\source\openexr\x64\release\imathrandom.obj
d:\projects\engine_project\primeengine\dependencies\freeimage\source\openexr\x64\release\imathmatrixalgo.obj
d:\projects\engine_project\primeengine\dependencies\freeimage\source\openexr\x64\release\imathfun.obj
d:\projects\engine_project\primeengine\dependencies\freeimage\source\openexr\x64\release\imathcoloralgo.obj
d:\projects\engine_project\primeengine\dependencies\freeimage\source\openexr\x64\release\imathbox.obj
d:\projects\engine_project\primeengine\dependencies\freeimage\source\openexr\x64\release\imfzipcompressor.obj
d:\projects\engine_project\primeengine\dependencies\freeimage\source\openexr\x64\release\imfzip.obj
d:\projects\engine_project\primeengine\dependencies\freeimage\source\openexr\x64\release\imfwav.obj
d:\projects\engine_project\primeengine\dependencies\freeimage\source\openexr\x64\release\imfversion.obj
d:\projects\engine_project\primeengine\dependencies\freeimage\source\openexr\x64\release\imfvecattribute.obj
d:\projects\engine_project\primeengine\dependencies\freeimage\source\openexr\x64\release\imftimecodeattribute.obj
d:\projects\engine_project\primeengine\dependencies\freeimage\source\openexr\x64\release\imftimecode.obj
d:\projects\engine_project\primeengine\dependencies\freeimage\source\openexr\x64\release\imftileoffsets.obj
d:\projects\engine_project\primeengine\dependencies\freeimage\source\openexr\x64\release\imftiledrgbafile.obj
d:\projects\engine_project\primeengine\dependencies\freeimage\source\openexr\x64\release\imftiledoutputpart.obj
d:\projects\engine_project\primeengine\dependencies\freeimage\source\openexr\x64\release\imftiledoutputfile.obj
d:\projects\engine_project\primeengine\dependencies\freeimage\source\openexr\x64\release\iexmathfloatexc.obj
d:\projects\engine_project\primeengine\dependencies\freeimage\source\openexr\x64\release\ilmthreadsemaphore.obj
d:\projects\engine_project\primeengine\dependencies\freeimage\source\openexr\x64\release\ilmthreadpool.obj
d:\projects\engine_project\primeengine\dependencies\freeimage\source\openexr\x64\release\ilmthreadmutex.obj
d:\projects\engine_project\primeengine\dependencies\freeimage\source\openexr\x64\release\ilmthread.obj
d:\projects\engine_project\primeengine\dependencies\freeimage\source\openexr\x64\release\half.obj
d:\projects\engine_project\primeengine\dependencies\freeimage\source\openexr\x64\release\openexr.lib
d:\projects\engine_project\primeengine\dependencies\freeimage\source\openexr\.\x64\release\openexr.lib
d:\projects\engine_project\primeengine\dependencies\freeimage\source\openexr\x64\release\openexr.tlog\cl.command.1.tlog
d:\projects\engine_project\primeengine\dependencies\freeimage\source\openexr\x64\release\openexr.tlog\cl.read.1.tlog
d:\projects\engine_project\primeengine\dependencies\freeimage\source\openexr\x64\release\openexr.tlog\cl.write.1.tlog
d:\projects\engine_project\primeengine\dependencies\freeimage\source\openexr\x64\release\openexr.tlog\lib-link.read.1.tlog
d:\projects\engine_project\primeengine\dependencies\freeimage\source\openexr\x64\release\openexr.tlog\lib-link.write.1.tlog
d:\projects\engine_project\primeengine\dependencies\freeimage\source\openexr\x64\release\openexr.tlog\lib.command.1.tlog
