d:\projects\engine_project\primeengine\dependencies\freeimage\source\libopenjpeg\x64\release\tgt.obj
d:\projects\engine_project\primeengine\dependencies\freeimage\source\libopenjpeg\x64\release\tcd.obj
d:\projects\engine_project\primeengine\dependencies\freeimage\source\libopenjpeg\x64\release\t2.obj
d:\projects\engine_project\primeengine\dependencies\freeimage\source\libopenjpeg\x64\release\t1.obj
d:\projects\engine_project\primeengine\dependencies\freeimage\source\libopenjpeg\x64\release\raw.obj
d:\projects\engine_project\primeengine\dependencies\freeimage\source\libopenjpeg\x64\release\pi.obj
d:\projects\engine_project\primeengine\dependencies\freeimage\source\libopenjpeg\x64\release\openjpeg.obj
d:\projects\engine_project\primeengine\dependencies\freeimage\source\libopenjpeg\x64\release\mqc.obj
d:\projects\engine_project\primeengine\dependencies\freeimage\source\libopenjpeg\x64\release\mct.obj
d:\projects\engine_project\primeengine\dependencies\freeimage\source\libopenjpeg\x64\release\jp2.obj
d:\projects\engine_project\primeengine\dependencies\freeimage\source\libopenjpeg\x64\release\j2k.obj
d:\projects\engine_project\primeengine\dependencies\freeimage\source\libopenjpeg\x64\release\image.obj
d:\projects\engine_project\primeengine\dependencies\freeimage\source\libopenjpeg\x64\release\event.obj
d:\projects\engine_project\primeengine\dependencies\freeimage\source\libopenjpeg\x64\release\dwt.obj
d:\projects\engine_project\primeengine\dependencies\freeimage\source\libopenjpeg\x64\release\cio.obj
d:\projects\engine_project\primeengine\dependencies\freeimage\source\libopenjpeg\x64\release\bio.obj
d:\projects\engine_project\primeengine\dependencies\freeimage\source\libopenjpeg\x64\release\opj_clock.obj
d:\projects\engine_project\primeengine\dependencies\freeimage\source\libopenjpeg\x64\release\invert.obj
d:\projects\engine_project\primeengine\dependencies\freeimage\source\libopenjpeg\x64\release\function_list.obj
d:\projects\engine_project\primeengine\dependencies\freeimage\source\libopenjpeg\x64\release\libopenjpeg.lib
d:\projects\engine_project\primeengine\dependencies\freeimage\source\libopenjpeg\.\x64\release\libopenjpeg.lib
d:\projects\engine_project\primeengine\dependencies\freeimage\source\libopenjpeg\x64\release\libopenjpeg.tlog\cl.command.1.tlog
d:\projects\engine_project\primeengine\dependencies\freeimage\source\libopenjpeg\x64\release\libopenjpeg.tlog\cl.read.1.tlog
d:\projects\engine_project\primeengine\dependencies\freeimage\source\libopenjpeg\x64\release\libopenjpeg.tlog\cl.write.1.tlog
d:\projects\engine_project\primeengine\dependencies\freeimage\source\libopenjpeg\x64\release\libopenjpeg.tlog\lib-link.read.1.tlog
d:\projects\engine_project\primeengine\dependencies\freeimage\source\libopenjpeg\x64\release\libopenjpeg.tlog\lib-link.write.1.tlog
d:\projects\engine_project\primeengine\dependencies\freeimage\source\libopenjpeg\x64\release\libopenjpeg.tlog\lib.command.1.tlog
