d:\projects\engine_project\primeengine\dependencies\freeimage\source\libtiff4\x64\release\tif_lzw.obj
d:\projects\engine_project\primeengine\dependencies\freeimage\source\libtiff4\x64\release\tif_lzma.obj
d:\projects\engine_project\primeengine\dependencies\freeimage\source\libtiff4\x64\release\tif_luv.obj
d:\projects\engine_project\primeengine\dependencies\freeimage\source\libtiff4\x64\release\tif_jpeg.obj
d:\projects\engine_project\primeengine\dependencies\freeimage\source\libtiff4\x64\release\tif_getimage.obj
d:\projects\engine_project\primeengine\dependencies\freeimage\source\libtiff4\x64\release\tif_flush.obj
d:\projects\engine_project\primeengine\dependencies\freeimage\source\libtiff4\x64\release\tif_fax3sm.obj
d:\projects\engine_project\primeengine\dependencies\freeimage\source\libtiff4\x64\release\tif_fax3.obj
d:\projects\engine_project\primeengine\dependencies\freeimage\source\libtiff4\x64\release\tif_extension.obj
d:\projects\engine_project\primeengine\dependencies\freeimage\source\libtiff4\x64\release\tif_error.obj
d:\projects\engine_project\primeengine\dependencies\freeimage\source\libtiff4\x64\release\tif_dumpmode.obj
d:\projects\engine_project\primeengine\dependencies\freeimage\source\libtiff4\x64\release\tif_dirwrite.obj
d:\projects\engine_project\primeengine\dependencies\freeimage\source\libtiff4\x64\release\tif_dirread.obj
d:\projects\engine_project\primeengine\dependencies\freeimage\source\libtiff4\x64\release\tif_dirinfo.obj
d:\projects\engine_project\primeengine\dependencies\freeimage\source\libtiff4\x64\release\tif_dir.obj
d:\projects\engine_project\primeengine\dependencies\freeimage\source\libtiff4\x64\release\tif_compress.obj
d:\projects\engine_project\primeengine\dependencies\freeimage\source\libtiff4\x64\release\tif_color.obj
d:\projects\engine_project\primeengine\dependencies\freeimage\source\libtiff4\x64\release\tif_codec.obj
d:\projects\engine_project\primeengine\dependencies\freeimage\source\libtiff4\x64\release\tif_close.obj
d:\projects\engine_project\primeengine\dependencies\freeimage\source\libtiff4\x64\release\tif_aux.obj
d:\projects\engine_project\primeengine\dependencies\freeimage\source\libtiff4\x64\release\tif_zip.obj
d:\projects\engine_project\primeengine\dependencies\freeimage\source\libtiff4\x64\release\tif_write.obj
d:\projects\engine_project\primeengine\dependencies\freeimage\source\libtiff4\x64\release\tif_warning.obj
d:\projects\engine_project\primeengine\dependencies\freeimage\source\libtiff4\x64\release\tif_version.obj
d:\projects\engine_project\primeengine\dependencies\freeimage\source\libtiff4\x64\release\tif_tile.obj
d:\projects\engine_project\primeengine\dependencies\freeimage\source\libtiff4\x64\release\tif_thunder.obj
d:\projects\engine_project\primeengine\dependencies\freeimage\source\libtiff4\x64\release\tif_swab.obj
d:\projects\engine_project\primeengine\dependencies\freeimage\source\libtiff4\x64\release\tif_strip.obj
d:\projects\engine_project\primeengine\dependencies\freeimage\source\libtiff4\x64\release\tif_read.obj
d:\projects\engine_project\primeengine\dependencies\freeimage\source\libtiff4\x64\release\tif_print.obj
d:\projects\engine_project\primeengine\dependencies\freeimage\source\libtiff4\x64\release\tif_predict.obj
d:\projects\engine_project\primeengine\dependencies\freeimage\source\libtiff4\x64\release\tif_pixarlog.obj
d:\projects\engine_project\primeengine\dependencies\freeimage\source\libtiff4\x64\release\tif_packbits.obj
d:\projects\engine_project\primeengine\dependencies\freeimage\source\libtiff4\x64\release\tif_open.obj
d:\projects\engine_project\primeengine\dependencies\freeimage\source\libtiff4\x64\release\tif_ojpeg.obj
d:\projects\engine_project\primeengine\dependencies\freeimage\source\libtiff4\x64\release\tif_next.obj
d:\projects\engine_project\primeengine\dependencies\freeimage\source\libtiff4\x64\release\libtiff4.lib
d:\projects\engine_project\primeengine\dependencies\freeimage\source\libtiff4\.\x64\release\libtiff4.lib
d:\projects\engine_project\primeengine\dependencies\freeimage\source\libtiff4\x64\release\libtiff4.tlog\cl.command.1.tlog
d:\projects\engine_project\primeengine\dependencies\freeimage\source\libtiff4\x64\release\libtiff4.tlog\cl.read.1.tlog
d:\projects\engine_project\primeengine\dependencies\freeimage\source\libtiff4\x64\release\libtiff4.tlog\cl.write.1.tlog
d:\projects\engine_project\primeengine\dependencies\freeimage\source\libtiff4\x64\release\libtiff4.tlog\lib-link.read.1.tlog
d:\projects\engine_project\primeengine\dependencies\freeimage\source\libtiff4\x64\release\libtiff4.tlog\lib-link.write.1.tlog
d:\projects\engine_project\primeengine\dependencies\freeimage\source\libtiff4\x64\release\libtiff4.tlog\lib.command.1.tlog
