  dec.alpha.c
  dec.buffer.c
  dec.frame.c
  dec.idec.c
  dec.io.c
  dec.quant.c
  dec.tree.c
  dec.vp8.c
  dec.vp8l.c
  dec.webp.c
  demux.demux.c
  dsp.alpha_processing.c
  dsp.alpha_processing_mips_dsp_r2.c
  dsp.alpha_processing_sse2.c
  dsp.argb.c
  dsp.argb_mips_dsp_r2.c
  dsp.argb_sse2.c
  dsp.cost.c
  dsp.cost_mips32.c
  dsp.cost_mips_dsp_r2.c
  Compiling...
  dsp.cost_sse2.c
  dsp.cpu.c
  dsp.dec.c
  dsp.dec_clip_tables.c
  dsp.dec_mips32.c
  dsp.dec_mips_dsp_r2.c
  dsp.dec_neon.c
  dsp.dec_sse2.c
  dsp.enc.c
  dsp.enc_avx2.c
  dsp.enc_mips32.c
  dsp.enc_mips_dsp_r2.c
  dsp.enc_neon.c
  dsp.enc_sse2.c
  dsp.filters.c
  dsp.filters_mips_dsp_r2.c
  dsp.filters_sse2.c
  dsp.lossless.c
  dsp.lossless_mips32.c
  dsp.lossless_mips_dsp_r2.c
  Compiling...
  dsp.lossless_neon.c
  dsp.lossless_sse2.c
  dsp.rescaler.c
  dsp.rescaler_mips32.c
  dsp.rescaler_mips_dsp_r2.c
  dsp.upsampling.c
  dsp.upsampling_mips_dsp_r2.c
  dsp.upsampling_neon.c
  dsp.upsampling_sse2.c
  dsp.yuv.c
  dsp.yuv_mips32.c
  dsp.yuv_mips_dsp_r2.c
  dsp.yuv_sse2.c
  enc.alpha.c
  enc.analysis.c
  enc.backward_references.c
  enc.config.c
  enc.cost.c
  enc.filter.c
  enc.frame.c
  Compiling...
  enc.histogram.c
  enc.iterator.c
  enc.near_lossless.c
  enc.picture.c
  enc.picture_csp.c
  enc.picture_psnr.c
  enc.picture_rescale.c
  enc.picture_tools.c
  enc.quant.c
  enc.syntax.c
  enc.token.c
  enc.tree.c
  enc.vp8l.c
  enc.webpenc.c
  mux.anim_encode.c
  mux.muxedit.c
  mux.muxinternal.c
  mux.muxread.c
  utils.bit_reader.c
  utils.bit_writer.c
  Compiling...
  utils.color_cache.c
  utils.filters.c
  utils.huffman.c
  utils.huffman_encode.c
  utils.quant_levels.c
  utils.quant_levels_dec.c
  utils.random.c
  utils.rescaler.c
  utils.thread.c
  utils.utils.c
  LibWebP.2013.vcxproj -> D:\Projects\Engine_Project\PrimeEngine\Dependencies\FreeImage\Source\LibWebP\.\x64\Release\LibWebP.lib
