d:\projects\engine_project\primeengine\dependencies\freeimage\source\freeimagelib\x64\release\conversionfloat.obj
d:\projects\engine_project\primeengine\dependencies\freeimage\source\freeimagelib\x64\release\conversion8.obj
d:\projects\engine_project\primeengine\dependencies\freeimage\source\freeimagelib\x64\release\conversion4.obj
d:\projects\engine_project\primeengine\dependencies\freeimage\source\freeimagelib\x64\release\conversion32.obj
d:\projects\engine_project\primeengine\dependencies\freeimage\source\freeimagelib\x64\release\conversion24.obj
d:\projects\engine_project\primeengine\dependencies\freeimage\source\freeimagelib\x64\release\conversion16_565.obj
d:\projects\engine_project\primeengine\dependencies\freeimage\source\freeimagelib\x64\release\conversion16_555.obj
d:\projects\engine_project\primeengine\dependencies\freeimage\source\freeimagelib\x64\release\conversion.obj
d:\projects\engine_project\primeengine\dependencies\freeimage\source\freeimagelib\x64\release\wuquantizer.obj
d:\projects\engine_project\primeengine\dependencies\freeimage\source\freeimagelib\x64\release\nnquantizer.obj
d:\projects\engine_project\primeengine\dependencies\freeimage\source\freeimagelib\x64\release\pixelaccess.obj
d:\projects\engine_project\primeengine\dependencies\freeimage\source\freeimagelib\x64\release\memoryio.obj
d:\projects\engine_project\primeengine\dependencies\freeimage\source\freeimagelib\x64\release\lfpquantizer.obj
d:\projects\engine_project\primeengine\dependencies\freeimage\source\freeimagelib\x64\release\gettype.obj
d:\projects\engine_project\primeengine\dependencies\freeimage\source\freeimagelib\x64\release\freeimageio.obj
d:\projects\engine_project\primeengine\dependencies\freeimage\source\freeimagelib\x64\release\freeimage.obj
d:\projects\engine_project\primeengine\dependencies\freeimage\source\freeimagelib\x64\release\conversionrgbaf.obj
d:\projects\engine_project\primeengine\dependencies\freeimage\source\freeimagelib\x64\release\conversionrgba16.obj
d:\projects\engine_project\primeengine\dependencies\freeimage\source\freeimagelib\x64\release\colorlookup.obj
d:\projects\engine_project\primeengine\dependencies\freeimage\source\freeimagelib\x64\release\bitmapaccess.obj
d:\projects\engine_project\primeengine\dependencies\freeimage\source\freeimagelib\x64\release\pluginhdr.obj
d:\projects\engine_project\primeengine\dependencies\freeimage\source\freeimagelib\x64\release\plugingif.obj
d:\projects\engine_project\primeengine\dependencies\freeimage\source\freeimagelib\x64\release\pluging3.obj
d:\projects\engine_project\primeengine\dependencies\freeimage\source\freeimagelib\x64\release\pluginexr.obj
d:\projects\engine_project\primeengine\dependencies\freeimage\source\freeimagelib\x64\release\plugindds.obj
d:\projects\engine_project\primeengine\dependencies\freeimage\source\freeimagelib\x64\release\plugincut.obj
d:\projects\engine_project\primeengine\dependencies\freeimage\source\freeimagelib\x64\release\pluginbmp.obj
d:\projects\engine_project\primeengine\dependencies\freeimage\source\freeimagelib\x64\release\plugin.obj
d:\projects\engine_project\primeengine\dependencies\freeimage\source\freeimagelib\x64\release\mnghelper.obj
d:\projects\engine_project\primeengine\dependencies\freeimage\source\freeimagelib\x64\release\j2khelper.obj
d:\projects\engine_project\primeengine\dependencies\freeimage\source\freeimagelib\x64\release\tonemapping.obj
d:\projects\engine_project\primeengine\dependencies\freeimage\source\freeimagelib\x64\release\tmoreinhard05.obj
d:\projects\engine_project\primeengine\dependencies\freeimage\source\freeimagelib\x64\release\tmofattal02.obj
d:\projects\engine_project\primeengine\dependencies\freeimage\source\freeimagelib\x64\release\tmodrago03.obj
d:\projects\engine_project\primeengine\dependencies\freeimage\source\freeimagelib\x64\release\tmocolorconvert.obj
d:\projects\engine_project\primeengine\dependencies\freeimage\source\freeimagelib\x64\release\halftoning.obj
d:\projects\engine_project\primeengine\dependencies\freeimage\source\freeimagelib\x64\release\conversionuint16.obj
d:\projects\engine_project\primeengine\dependencies\freeimage\source\freeimagelib\x64\release\conversiontype.obj
d:\projects\engine_project\primeengine\dependencies\freeimage\source\freeimagelib\x64\release\conversionrgbf.obj
d:\projects\engine_project\primeengine\dependencies\freeimage\source\freeimagelib\x64\release\conversionrgb16.obj
d:\projects\engine_project\primeengine\dependencies\freeimage\source\freeimagelib\x64\release\plugintarga.obj
d:\projects\engine_project\primeengine\dependencies\freeimage\source\freeimagelib\x64\release\pluginsgi.obj
d:\projects\engine_project\primeengine\dependencies\freeimage\source\freeimagelib\x64\release\pluginraw.obj
d:\projects\engine_project\primeengine\dependencies\freeimage\source\freeimagelib\x64\release\pluginras.obj
d:\projects\engine_project\primeengine\dependencies\freeimage\source\freeimagelib\x64\release\pluginpsd.obj
d:\projects\engine_project\primeengine\dependencies\freeimage\source\freeimagelib\x64\release\pluginpnm.obj
d:\projects\engine_project\primeengine\dependencies\freeimage\source\freeimagelib\x64\release\pluginpng.obj
d:\projects\engine_project\primeengine\dependencies\freeimage\source\freeimagelib\x64\release\pluginpict.obj
d:\projects\engine_project\primeengine\dependencies\freeimage\source\freeimagelib\x64\release\pluginpfm.obj
d:\projects\engine_project\primeengine\dependencies\freeimage\source\freeimagelib\x64\release\pluginpcx.obj
d:\projects\engine_project\primeengine\dependencies\freeimage\source\freeimagelib\x64\release\pluginpcd.obj
d:\projects\engine_project\primeengine\dependencies\freeimage\source\freeimagelib\x64\release\pluginmng.obj
d:\projects\engine_project\primeengine\dependencies\freeimage\source\freeimagelib\x64\release\pluginkoala.obj
d:\projects\engine_project\primeengine\dependencies\freeimage\source\freeimagelib\x64\release\pluginjxr.obj
d:\projects\engine_project\primeengine\dependencies\freeimage\source\freeimagelib\x64\release\pluginjpeg.obj
d:\projects\engine_project\primeengine\dependencies\freeimage\source\freeimagelib\x64\release\pluginjp2.obj
d:\projects\engine_project\primeengine\dependencies\freeimage\source\freeimagelib\x64\release\pluginjng.obj
d:\projects\engine_project\primeengine\dependencies\freeimage\source\freeimagelib\x64\release\pluginj2k.obj
d:\projects\engine_project\primeengine\dependencies\freeimage\source\freeimagelib\x64\release\pluginiff.obj
d:\projects\engine_project\primeengine\dependencies\freeimage\source\freeimagelib\x64\release\pluginico.obj
d:\projects\engine_project\primeengine\dependencies\freeimage\source\freeimagelib\x64\release\background.obj
d:\projects\engine_project\primeengine\dependencies\freeimage\source\freeimagelib\x64\release\xtiff.obj
d:\projects\engine_project\primeengine\dependencies\freeimage\source\freeimagelib\x64\release\taglib.obj
d:\projects\engine_project\primeengine\dependencies\freeimage\source\freeimagelib\x64\release\tagconversion.obj
d:\projects\engine_project\primeengine\dependencies\freeimage\source\freeimagelib\x64\release\iptc.obj
d:\projects\engine_project\primeengine\dependencies\freeimage\source\freeimagelib\x64\release\freeimagetag.obj
d:\projects\engine_project\primeengine\dependencies\freeimage\source\freeimagelib\x64\release\firational.obj
d:\projects\engine_project\primeengine\dependencies\freeimage\source\freeimagelib\x64\release\exif.obj
d:\projects\engine_project\primeengine\dependencies\freeimage\source\freeimagelib\x64\release\zlibinterface.obj
d:\projects\engine_project\primeengine\dependencies\freeimage\source\freeimagelib\x64\release\multipage.obj
d:\projects\engine_project\primeengine\dependencies\freeimage\source\freeimagelib\x64\release\cachefile.obj
d:\projects\engine_project\primeengine\dependencies\freeimage\source\freeimagelib\x64\release\deprecationmgr.obj
d:\projects\engine_project\primeengine\dependencies\freeimage\source\freeimagelib\x64\release\deprecated.obj
d:\projects\engine_project\primeengine\dependencies\freeimage\source\freeimagelib\x64\release\tifflogluv.obj
d:\projects\engine_project\primeengine\dependencies\freeimage\source\freeimagelib\x64\release\psdparser.obj
d:\projects\engine_project\primeengine\dependencies\freeimage\source\freeimagelib\x64\release\pluginxpm.obj
d:\projects\engine_project\primeengine\dependencies\freeimage\source\freeimagelib\x64\release\pluginxbm.obj
d:\projects\engine_project\primeengine\dependencies\freeimage\source\freeimagelib\x64\release\pluginwebp.obj
d:\projects\engine_project\primeengine\dependencies\freeimage\source\freeimagelib\x64\release\pluginwbmp.obj
d:\projects\engine_project\primeengine\dependencies\freeimage\source\freeimagelib\x64\release\plugintiff.obj
d:\projects\engine_project\primeengine\dependencies\freeimage\source\freeimagelib\x64\release\resize.obj
d:\projects\engine_project\primeengine\dependencies\freeimage\source\freeimagelib\x64\release\rescale.obj
d:\projects\engine_project\primeengine\dependencies\freeimage\source\freeimagelib\x64\release\multigridpoissonsolver.obj
d:\projects\engine_project\primeengine\dependencies\freeimage\source\freeimagelib\x64\release\jpegtransform.obj
d:\projects\engine_project\primeengine\dependencies\freeimage\source\freeimagelib\x64\release\flip.obj
d:\projects\engine_project\primeengine\dependencies\freeimage\source\freeimagelib\x64\release\display.obj
d:\projects\engine_project\primeengine\dependencies\freeimage\source\freeimagelib\x64\release\copypaste.obj
d:\projects\engine_project\primeengine\dependencies\freeimage\source\freeimagelib\x64\release\colors.obj
d:\projects\engine_project\primeengine\dependencies\freeimage\source\freeimagelib\x64\release\classicrotate.obj
d:\projects\engine_project\primeengine\dependencies\freeimage\source\freeimagelib\x64\release\channels.obj
d:\projects\engine_project\primeengine\dependencies\freeimage\source\freeimagelib\x64\release\bsplinerotate.obj
d:\projects\engine_project\primeengine\dependencies\freeimage\source\freeimagelib\x64\release\freeimagelib.lib
d:\projects\engine_project\primeengine\dependencies\freeimage\source\freeimagelib\x64\release\freeimagelib.2013.vcxprojresolveassemblyreference.cache
d:\projects\engine_project\primeengine\dependencies\freeimage\source\freeimagelib\.\x64\release\freeimagelib.lib
d:\projects\engine_project\primeengine\dependencies\freeimage\source\freeimagelib\x64\release\freeimagelib.tlog\cl.command.1.tlog
d:\projects\engine_project\primeengine\dependencies\freeimage\source\freeimagelib\x64\release\freeimagelib.tlog\cl.read.1.tlog
d:\projects\engine_project\primeengine\dependencies\freeimage\source\freeimagelib\x64\release\freeimagelib.tlog\cl.write.1.tlog
d:\projects\engine_project\primeengine\dependencies\freeimage\source\freeimagelib\x64\release\freeimagelib.tlog\lib-link.read.1.tlog
d:\projects\engine_project\primeengine\dependencies\freeimage\source\freeimagelib\x64\release\freeimagelib.tlog\lib-link.write.1.tlog
d:\projects\engine_project\primeengine\dependencies\freeimage\source\freeimagelib\x64\release\freeimagelib.tlog\lib.command.1.tlog
