  IexMathFpu.cpp
  b44ExpLogTable.cpp
  ImfAcesFile.cpp
IlmImf\ImfAcesFile.cpp(59): warning C4305: 'argument': truncation from 'double' to 'float'
IlmImf\ImfAcesFile.cpp(426): warning C4305: 'argument': truncation from 'double' to 'float'
IlmImf\ImfAcesFile.cpp(432): warning C4305: 'argument': truncation from 'double' to 'float'
  ImfAttribute.cpp
  ImfB44Compressor.cpp
IlmImf\ImfB44Compressor.cpp(486): warning C4267: 'initializing': conversion from 'size_t' to 'int', possible loss of data
IlmImf\ImfB44Compressor.cpp(862): warning C4244: 'return': conversion from '__int64' to 'int', possible loss of data
IlmImf\ImfB44Compressor.cpp(1068): warning C4244: 'return': conversion from '__int64' to 'int', possible loss of data
  ImfBoxAttribute.cpp
  ImfChannelList.cpp
  ImfChannelListAttribute.cpp
  ImfChromaticities.cpp
  ImfChromaticitiesAttribute.cpp
  ImfCompositeDeepScanLine.cpp
IlmImf\ImfCompositeDeepScanLine.cpp(279): warning C4267: 'argument': conversion from 'size_t' to 'int', possible loss of data
IlmImf\ImfCompositeDeepScanLine.cpp(375): warning C4267: 'argument': conversion from 'size_t' to 'int', possible loss of data
  ImfCompressionAttribute.cpp
  ImfCompressor.cpp
IlmImf\ImfCompressor.cpp(165): warning C4267: 'argument': conversion from 'size_t' to 'int', possible loss of data
IlmImf\ImfCompressor.cpp(170): warning C4267: 'argument': conversion from 'size_t' to 'int', possible loss of data
IlmImf\ImfCompressor.cpp(216): warning C4267: 'argument': conversion from 'size_t' to 'int', possible loss of data
  ImfConvert.cpp
  ImfCRgbaFile.cpp
  ImfDeepCompositing.cpp
IlmImf\ImfDeepCompositing.cpp(84): warning C4244: '+=': conversion from 'double' to 'float', possible loss of data
  ImfDeepFrameBuffer.cpp
IlmImf\ImfDeepFrameBuffer.cpp(57): warning C4267: 'initializing': conversion from 'size_t' to 'int', possible loss of data
  ImfDeepImageStateAttribute.cpp
  ImfDeepScanLineInputFile.cpp
IlmImf\ImfDeepScanLineInputFile.cpp(343): warning C4244: 'argument': conversion from 'Imath_2_2::Int64' to 'int', possible loss of data
IlmImf\ImfDeepScanLineInputFile.cpp(504): warning C4244: 'argument': conversion from 'Imath_2_2::Int64' to 'int', possible loss of data
IlmImf\ImfDeepScanLineInputFile.cpp(511): warning C4244: 'argument': conversion from 'Imath_2_2::Int64' to 'int', possible loss of data
IlmImf\ImfDeepScanLineInputFile.cpp(518): warning C4244: 'argument': conversion from 'Imath_2_2::Int64' to 'int', possible loss of data
IlmImf\ImfDeepScanLineInputFile.cpp(636): warning C4244: 'argument': conversion from 'Imath_2_2::Int64' to 'int', possible loss of data
IlmImf\ImfDeepScanLineInputFile.cpp(1148): warning C4267: '=': conversion from 'size_t' to 'int', possible loss of data
IlmImf\ImfDeepScanLineInputFile.cpp(1149): warning C4267: '=': conversion from 'size_t' to 'int', possible loss of data
IlmImf\ImfDeepScanLineInputFile.cpp(1471): warning C4244: 'argument': conversion from 'Imath_2_2::Int64' to 'int', possible loss of data
IlmImf\ImfDeepScanLineInputFile.cpp(1516): warning C4244: 'argument': conversion from 'Imath_2_2::Int64' to 'int', possible loss of data
IlmImf\ImfDeepScanLineInputFile.cpp(1549): warning C4267: 'initializing': conversion from 'size_t' to 'int', possible loss of data
IlmImf\ImfDeepScanLineInputFile.cpp(1550): warning C4267: 'initializing': conversion from 'size_t' to 'int', possible loss of data
IlmImf\ImfDeepScanLineInputFile.cpp(1722): warning C4244: 'argument': conversion from 'Imath_2_2::Int64' to 'int', possible loss of data
IlmImf\ImfDeepScanLineInputFile.cpp(1727): warning C4267: 'initializing': conversion from 'size_t' to 'int', possible loss of data
IlmImf\ImfDeepScanLineInputFile.cpp(1728): warning C4267: 'initializing': conversion from 'size_t' to 'int', possible loss of data
IlmImf\ImfDeepScanLineInputFile.cpp(1833): warning C4244: 'argument': conversion from 'Imath_2_2::Int64' to 'int', possible loss of data
IlmImf\ImfDeepScanLineInputFile.cpp(1851): warning C4244: 'argument': conversion from 'Imath_2_2::Int64' to 'int', possible loss of data
  ImfDeepScanLineInputPart.cpp
  Generating Code...
  Compiling...
  ImfDeepScanLineOutputFile.cpp
IlmImf\ImfDeepScanLineOutputFile.cpp(378): warning C4244: 'argument': conversion from 'Imath_2_2::Int64' to 'int', possible loss of data
IlmImf\ImfDeepScanLineOutputFile.cpp(384): warning C4244: 'argument': conversion from 'Imath_2_2::Int64' to 'int', possible loss of data
IlmImf\ImfDeepScanLineOutputFile.cpp(605): warning C4267: 'argument': conversion from 'size_t' to 'long', possible loss of data
IlmImf\ImfDeepScanLineOutputFile.cpp(696): warning C4244: 'argument': conversion from 'Imath_2_2::Int64' to 'long', possible loss of data
IlmImf\ImfDeepScanLineOutputFile.cpp(736): warning C4244: 'argument': conversion from 'Imath_2_2::Int64' to 'int', possible loss of data
IlmImf\ImfDeepScanLineOutputFile.cpp(769): warning C4244: 'argument': conversion from 'Imath_2_2::Int64' to 'int', possible loss of data
IlmImf\ImfDeepScanLineOutputFile.cpp(786): warning C4244: 'argument': conversion from 'Imath_2_2::Int64' to 'int', possible loss of data
IlmImf\ImfDeepScanLineOutputFile.cpp(974): warning C4244: 'argument': conversion from 'Imath_2_2::Int64' to 'long', possible loss of data
IlmImf\ImfDeepScanLineOutputFile.cpp(1096): warning C4267: '=': conversion from 'size_t' to 'int', possible loss of data
IlmImf\ImfDeepScanLineOutputFile.cpp(1097): warning C4267: '=': conversion from 'size_t' to 'int', possible loss of data
  ImfDeepScanLineOutputPart.cpp
  ImfDeepTiledInputFile.cpp
IlmImf\ImfDeepTiledInputFile.cpp(327): warning C4244: 'argument': conversion from 'ptrdiff_t' to 'int', possible loss of data
IlmImf\ImfDeepTiledInputFile.cpp(418): warning C4244: 'argument': conversion from 'Imath_2_2::Int64' to 'int', possible loss of data
IlmImf\ImfDeepTiledInputFile.cpp(438): warning C4244: 'argument': conversion from 'Imath_2_2::Int64' to 'int', possible loss of data
IlmImf\ImfDeepTiledInputFile.cpp(445): warning C4244: 'argument': conversion from 'Imath_2_2::Int64' to 'int', possible loss of data
IlmImf\ImfDeepTiledInputFile.cpp(493): warning C4244: 'argument': conversion from 'Imath_2_2::Int64' to 'int', possible loss of data
IlmImf\ImfDeepTiledInputFile.cpp(499): warning C4244: 'argument': conversion from 'Imath_2_2::Int64' to 'int', possible loss of data
IlmImf\ImfDeepTiledInputFile.cpp(632): warning C4244: 'argument': conversion from 'Imath_2_2::Int64' to 'int', possible loss of data
IlmImf\ImfDeepTiledInputFile.cpp(1021): warning C4244: 'argument': conversion from 'Imath_2_2::Int64' to 'long', possible loss of data
IlmImf\ImfDeepTiledInputFile.cpp(1495): warning C4244: 'argument': conversion from 'Imath_2_2::Int64' to 'int', possible loss of data
IlmImf\ImfDeepTiledInputFile.cpp(1844): warning C4244: 'argument': conversion from 'Imath_2_2::Int64' to 'int', possible loss of data
IlmImf\ImfDeepTiledInputFile.cpp(1857): warning C4244: 'argument': conversion from 'Imath_2_2::Int64' to 'int', possible loss of data
  ImfDeepTiledInputPart.cpp
  ImfDeepTiledOutputFile.cpp
IlmImf\ImfDeepTiledOutputFile.cpp(554): warning C4244: 'argument': conversion from 'Imath_2_2::Int64' to 'int', possible loss of data
IlmImf\ImfDeepTiledOutputFile.cpp(560): warning C4244: 'argument': conversion from 'Imath_2_2::Int64' to 'int', possible loss of data
IlmImf\ImfDeepTiledOutputFile.cpp(690): warning C4244: 'argument': conversion from 'Imath_2_2::Int64' to 'int', possible loss of data
IlmImf\ImfDeepTiledOutputFile.cpp(874): warning C4244: 'argument': conversion from 'Imath_2_2::Int64' to 'long', possible loss of data
IlmImf\ImfDeepTiledOutputFile.cpp(972): warning C4244: 'argument': conversion from 'Imath_2_2::Int64' to 'int', possible loss of data
IlmImf\ImfDeepTiledOutputFile.cpp(1011): warning C4244: 'argument': conversion from 'Imath_2_2::Int64' to 'int', possible loss of data
IlmImf\ImfDeepTiledOutputFile.cpp(1243): warning C4244: 'argument': conversion from 'Imath_2_2::Int64' to 'long', possible loss of data
IlmImf\ImfDeepTiledOutputFile.cpp(1362): warning C4267: '=': conversion from 'size_t' to 'int', possible loss of data
IlmImf\ImfDeepTiledOutputFile.cpp(1363): warning C4267: '=': conversion from 'size_t' to 'int', possible loss of data
IlmImf\ImfDeepTiledOutputFile.cpp(1712): warning C4267: 'initializing': conversion from 'size_t' to 'int', possible loss of data
  ImfDeepTiledOutputPart.cpp
  ImfDoubleAttribute.cpp
  ImfDwaCompressor.cpp
IlmImf\ImfDwaCompressor.cpp(702): warning C4267: 'initializing': conversion from 'size_t' to 'int', possible loss of data
IlmImf\ImfDwaCompressor.cpp(756): warning C4018: '<': signed/unsigned mismatch
IlmImf\ImfDwaCompressor.cpp(785): warning C4018: '<': signed/unsigned mismatch
IlmImf\ImfDwaCompressor.cpp(941): warning C4018: '<': signed/unsigned mismatch
IlmImf\ImfDwaCompressor.cpp(1139): warning C4018: '<': signed/unsigned mismatch
IlmImf\ImfDwaCompressor.cpp(1914): warning C4267: '+=': conversion from 'size_t' to 'unsigned short', possible loss of data
IlmImf\ImfDwaCompressor.cpp(2423): warning C4267: '-=': conversion from 'size_t' to 'unsigned short', possible loss of data
IlmImf\ImfDwaCompressor.cpp(2993): warning C4267: '+=': conversion from 'size_t' to 'int', possible loss of data
  ImfEnvmap.cpp
  ImfEnvmapAttribute.cpp
  ImfFastHuf.cpp
IlmImf\ImfFastHuf.cpp(154): warning C4244: 'initializing': conversion from 'Imath_2_2::Int64' to 'int', possible loss of data
IlmImf\ImfFastHuf.cpp(167): warning C4244: 'initializing': conversion from 'Imath_2_2::Int64' to 'int', possible loss of data
IlmImf\ImfFastHuf.cpp(183): warning C4244: '=': conversion from 'Imath_2_2::Int64' to 'unsigned char', possible loss of data
IlmImf\ImfFastHuf.cpp(186): warning C4244: '=': conversion from 'Imath_2_2::Int64' to 'unsigned char', possible loss of data
IlmImf\ImfFastHuf.cpp(193): warning C4267: '+=': conversion from 'size_t' to 'int', possible loss of data
IlmImf\ImfFastHuf.cpp(256): warning C4244: 'initializing': conversion from 'unsigned __int64' to 'int', possible loss of data
  ImfFloatAttribute.cpp
  ImfFloatVectorAttribute.cpp
IlmImf\ImfFloatVectorAttribute.cpp(64): warning C4267: 'initializing': conversion from 'size_t' to 'int', possible loss of data
  ImfFrameBuffer.cpp
  ImfFramesPerSecond.cpp
  ImfGenericInputFile.cpp
  ImfGenericOutputFile.cpp
  ImfHeader.cpp
  ImfHuf.cpp
IlmImf\ImfHuf.cpp(171): warning C4244: '=': conversion from 'Imath_2_2::Int64' to 'char', possible loss of data
IlmImf\ImfHuf.cpp(250): warning C4244: 'initializing': conversion from 'Imath_2_2::Int64' to 'int', possible loss of data
IlmImf\ImfHuf.cpp(375): warning C4244: 'initializing': conversion from '__int64' to 'int', possible loss of data
IlmImf\ImfHuf.cpp(379): warning C4244: 'initializing': conversion from '__int64' to 'int', possible loss of data
IlmImf\ImfHuf.cpp(481): warning C4244: 'initializing': conversion from 'Imath_2_2::Int64' to 'int', possible loss of data
IlmImf\ImfHuf.cpp(550): warning C4244: 'initializing': conversion from 'Imath_2_2::Int64' to 'int', possible loss of data
IlmImf\ImfHuf.cpp(562): warning C4244: 'initializing': conversion from 'Imath_2_2::Int64' to 'int', possible loss of data
IlmImf\ImfHuf.cpp(621): warning C4244: 'initializing': conversion from 'Imath_2_2::Int64' to 'int', possible loss of data
IlmImf\ImfHuf.cpp(679): warning C4334: '<<': result of 32-bit shift implicitly converted to 64 bits (was 64-bit shift intended?)
IlmImf\ImfHuf.cpp(724): warning C4244: 'argument': conversion from 'Imath_2_2::Int64' to 'int', possible loss of data
IlmImf\ImfHuf.cpp(804): warning C4244: 'return': conversion from '__int64' to 'int', possible loss of data
IlmImf\ImfHuf.cpp(898): warning C4244: 'initializing': conversion from 'Imath_2_2::Int64' to 'unsigned char', possible loss of data
IlmImf\ImfHuf.cpp(913): warning C4244: 'initializing': conversion from 'Imath_2_2::Int64' to 'int', possible loss of data
IlmImf\ImfHuf.cpp(928): warning C4244: 'initializing': conversion from 'Imath_2_2::Int64' to 'unsigned char', possible loss of data
IlmImf\ImfHuf.cpp(955): warning C4244: 'initializing': conversion from 'Imath_2_2::Int64' to 'unsigned char', possible loss of data
IlmImf\ImfHuf.cpp(1031): warning C4244: 'initializing': conversion from '__int64' to 'int', possible loss of data
IlmImf\ImfHuf.cpp(1043): warning C4244: 'return': conversion from '__int64' to 'int', possible loss of data
IlmImf\ImfHuf.cpp(1079): warning C4244: 'argument': conversion from '__int64' to 'int', possible loss of data
IlmImf\ImfHuf.cpp(1093): warning C4244: 'argument': conversion from '__int64' to 'int', possible loss of data
  ImfInputFile.cpp
  Generating Code...
  Compiling...
  ImfInputPart.cpp
  ImfInputPartData.cpp
  ImfIntAttribute.cpp
  ImfIO.cpp
  ImfKeyCode.cpp
  ImfKeyCodeAttribute.cpp
  ImfLineOrderAttribute.cpp
  ImfLut.cpp
IlmImf\ImfLut.cpp(156): warning C4244: 'initializing': conversion from 'double' to 'float', possible loss of data
IlmImf\ImfLut.cpp(156): warning C4244: 'initializing': conversion from 'double' to 'const float', possible loss of data
IlmImf\ImfLut.cpp(174): warning C4244: 'argument': conversion from 'double' to 'float', possible loss of data
  ImfMatrixAttribute.cpp
  ImfMisc.cpp
IlmImf\ImfMisc.cpp(240): warning C4267: 'argument': conversion from 'size_t' to 'int', possible loss of data
IlmImf\ImfMisc.cpp(313): warning C4244: 'argument': conversion from 'double' to 'float', possible loss of data
IlmImf\ImfMisc.cpp(558): warning C4267: 'initializing': conversion from 'size_t' to 'int', possible loss of data
IlmImf\ImfMisc.cpp(694): warning C4244: 'argument': conversion from 'ptrdiff_t' to 'int', possible loss of data
IlmImf\ImfMisc.cpp(708): warning C4244: 'argument': conversion from 'double' to 'float', possible loss of data
IlmImf\ImfMisc.cpp(720): warning C4244: 'argument': conversion from 'ptrdiff_t' to 'int', possible loss of data
IlmImf\ImfMisc.cpp(746): warning C4244: 'argument': conversion from 'ptrdiff_t' to 'int', possible loss of data
IlmImf\ImfMisc.cpp(788): warning C4244: 'argument': conversion from 'ptrdiff_t' to 'int', possible loss of data
IlmImf\ImfMisc.cpp(813): warning C4244: 'argument': conversion from 'ptrdiff_t' to 'int', possible loss of data
IlmImf\ImfMisc.cpp(840): warning C4244: 'argument': conversion from 'ptrdiff_t' to 'int', possible loss of data
IlmImf\ImfMisc.cpp(876): warning C4244: 'argument': conversion from 'ptrdiff_t' to 'int', possible loss of data
IlmImf\ImfMisc.cpp(903): warning C4244: 'argument': conversion from 'ptrdiff_t' to 'int', possible loss of data
IlmImf\ImfMisc.cpp(928): warning C4244: 'argument': conversion from 'ptrdiff_t' to 'int', possible loss of data
IlmImf\ImfMisc.cpp(963): warning C4244: 'argument': conversion from 'ptrdiff_t' to 'int', possible loss of data
IlmImf\ImfMisc.cpp(989): warning C4244: 'argument': conversion from 'ptrdiff_t' to 'int', possible loss of data
IlmImf\ImfMisc.cpp(1017): warning C4244: 'argument': conversion from 'ptrdiff_t' to 'int', possible loss of data
IlmImf\ImfMisc.cpp(1066): warning C4244: 'argument': conversion from 'ptrdiff_t' to 'int', possible loss of data
IlmImf\ImfMisc.cpp(1094): warning C4244: 'argument': conversion from 'ptrdiff_t' to 'int', possible loss of data
IlmImf\ImfMisc.cpp(1121): warning C4244: 'argument': conversion from 'ptrdiff_t' to 'int', possible loss of data
IlmImf\ImfMisc.cpp(1162): warning C4244: 'argument': conversion from 'ptrdiff_t' to 'int', possible loss of data
IlmImf\ImfMisc.cpp(1193): warning C4244: 'argument': conversion from 'ptrdiff_t' to 'int', possible loss of data
IlmImf\ImfMisc.cpp(1219): warning C4244: 'argument': conversion from 'ptrdiff_t' to 'int', possible loss of data
IlmImf\ImfMisc.cpp(1259): warning C4244: 'argument': conversion from 'ptrdiff_t' to 'int', possible loss of data
IlmImf\ImfMisc.cpp(1290): warning C4244: 'argument': conversion from 'ptrdiff_t' to 'int', possible loss of data
IlmImf\ImfMisc.cpp(1317): warning C4244: 'argument': conversion from 'ptrdiff_t' to 'int', possible loss of data
IlmImf\ImfMisc.cpp(1357): warning C4267: 'argument': conversion from 'size_t' to 'int', possible loss of data
IlmImf\ImfMisc.cpp(1362): warning C4267: 'argument': conversion from 'size_t' to 'int', possible loss of data
IlmImf\ImfMisc.cpp(1367): warning C4267: 'argument': conversion from 'size_t' to 'int', possible loss of data
IlmImf\ImfMisc.cpp(1559): warning C4244: 'argument': conversion from 'ptrdiff_t' to 'int', possible loss of data
IlmImf\ImfMisc.cpp(1580): warning C4244: 'argument': conversion from 'ptrdiff_t' to 'int', possible loss of data
IlmImf\ImfMisc.cpp(1600): warning C4244: 'argument': conversion from 'ptrdiff_t' to 'int', possible loss of data
IlmImf\ImfMisc.cpp(1634): warning C4244: 'argument': conversion from 'ptrdiff_t' to 'int', possible loss of data
IlmImf\ImfMisc.cpp(1657): warning C4244: 'argument': conversion from 'ptrdiff_t' to 'int', possible loss of data
IlmImf\ImfMisc.cpp(1678): warning C4244: 'argument': conversion from 'ptrdiff_t' to 'int', possible loss of data
  ImfMultiPartInputFile.cpp
IlmImf\ImfMultiPartInputFile.cpp(427): warning C4267: 'argument': conversion from 'size_t' to 'int', possible loss of data
  ImfMultiPartOutputFile.cpp
IlmImf\ImfMultiPartOutputFile.cpp(221): warning C4267: 'argument': conversion from 'size_t' to 'int', possible loss of data
IlmImf\ImfMultiPartOutputFile.cpp(223): warning C4267: 'argument': conversion from 'size_t' to 'int', possible loss of data
IlmImf\ImfMultiPartOutputFile.cpp(267): warning C4267: 'argument': conversion from 'size_t' to 'int', possible loss of data
IlmImf\ImfMultiPartOutputFile.cpp(269): warning C4267: 'argument': conversion from 'size_t' to 'int', possible loss of data
IlmImf\ImfMultiPartOutputFile.cpp(302): warning C4267: 'return': conversion from 'size_t' to 'int', possible loss of data
  ImfMultiView.cpp
IlmImf\ImfMultiView.cpp(109): warning C4267: 'return': conversion from 'size_t' to 'int', possible loss of data
  ImfOpaqueAttribute.cpp
IlmImf\ImfOpaqueAttribute.cpp(54): warning C4267: 'argument': conversion from 'size_t' to 'long', possible loss of data
IlmImf\ImfOpaqueAttribute.cpp(63): warning C4267: 'argument': conversion from 'size_t' to 'long', possible loss of data
  ImfOutputFile.cpp
IlmImf\ImfOutputFile.cpp(596): warning C4244: '=': conversion from '__int64' to 'int', possible loss of data
IlmImf\ImfOutputFile.cpp(815): warning C4267: 'argument': conversion from 'size_t' to 'long', possible loss of data
  ImfOutputPart.cpp
  ImfOutputPartData.cpp
  ImfPartType.cpp
  ImfPizCompressor.cpp
IlmImf\ImfPizCompressor.cpp(185): warning C4267: 'initializing': conversion from 'size_t' to 'int', possible loss of data
IlmImf\ImfPizCompressor.cpp(431): warning C4244: 'argument': conversion from '__int64' to 'int', possible loss of data
IlmImf\ImfPizCompressor.cpp(435): warning C4244: 'argument': conversion from '__int64' to 'int', possible loss of data
IlmImf\ImfPizCompressor.cpp(476): warning C4244: 'argument': conversion from '__int64' to 'int', possible loss of data
IlmImf\ImfPizCompressor.cpp(480): warning C4244: 'return': conversion from '__int64' to 'int', possible loss of data
IlmImf\ImfPizCompressor.cpp(576): warning C4244: 'argument': conversion from '__int64' to 'int', possible loss of data
IlmImf\ImfPizCompressor.cpp(599): warning C4244: 'argument': conversion from '__int64' to 'int', possible loss of data
IlmImf\ImfPizCompressor.cpp(663): warning C4244: 'return': conversion from '__int64' to 'int', possible loss of data
  ImfPreviewImage.cpp
  Generating Code...
  Compiling...
  ImfPreviewImageAttribute.cpp
  ImfPxr24Compressor.cpp
IlmImf\ImfPxr24Compressor.cpp(192): warning C4267: 'initializing': conversion from 'size_t' to 'int', possible loss of data
IlmImf\ImfPxr24Compressor.cpp(405): warning C4244: 'argument': conversion from '__int64' to 'uLong', possible loss of data
IlmImf\ImfPxr24Compressor.cpp(550): warning C4244: 'return': conversion from '__int64' to 'int', possible loss of data
  ImfRational.cpp
  ImfRationalAttribute.cpp
  ImfRgbaFile.cpp
IlmImf\ImfRgbaFile.cpp(172): warning C4334: '<<': result of 32-bit shift implicitly converted to 64 bits (was 64-bit shift intended?)
IlmImf\ImfRgbaFile.cpp(180): warning C4334: '<<': result of 32-bit shift implicitly converted to 64 bits (was 64-bit shift intended?)
IlmImf\ImfRgbaFile.cpp(183): warning C4334: '<<': result of 32-bit shift implicitly converted to 64 bits (was 64-bit shift intended?)
  ImfRgbaYca.cpp
  ImfRle.cpp
IlmImf\ImfRle.cpp(76): warning C4244: '=': conversion from '__int64' to 'signed char', possible loss of data
IlmImf\ImfRle.cpp(96): warning C4244: '=': conversion from '__int64' to 'signed char', possible loss of data
IlmImf\ImfRle.cpp(107): warning C4244: 'return': conversion from '__int64' to 'int', possible loss of data
IlmImf\ImfRle.cpp(151): warning C4244: 'return': conversion from '__int64' to 'int', possible loss of data
  ImfRleCompressor.cpp
IlmImf\ImfRleCompressor.cpp(56): warning C4267: 'initializing': conversion from 'size_t' to 'int', possible loss of data
  ImfScanLineInputFile.cpp
d:\projects\engine_project\primeengine\dependencies\freeimage\source\openexr\ilmimf\ImfOptimizedPixelReading.h(73): warning C4311: 'type cast': pointer truncation from 'const void *__restrict ' to 'unsigned long'
d:\projects\engine_project\primeengine\dependencies\freeimage\source\openexr\ilmimf\ImfOptimizedPixelReading.h(73): warning C4302: 'type cast': truncation from 'const void *__restrict ' to 'unsigned long'
IlmImf\ImfScanLineInputFile.cpp(1467): warning C4244: 'argument': conversion from 'const double' to 'float', possible loss of data
  ImfStandardAttributes.cpp
  ImfStdIO.cpp
  ImfStringAttribute.cpp
IlmImf\ImfStringAttribute.cpp(62): warning C4267: 'initializing': conversion from 'size_t' to 'int', possible loss of data
  ImfStringVectorAttribute.cpp
IlmImf\ImfStringVectorAttribute.cpp(62): warning C4267: 'initializing': conversion from 'size_t' to 'int', possible loss of data
IlmImf\ImfStringVectorAttribute.cpp(66): warning C4267: 'initializing': conversion from 'size_t' to 'int', possible loss of data
  ImfSystemSpecific.cpp
  ImfTestFile.cpp
  ImfThreading.cpp
  ImfTileDescriptionAttribute.cpp
  ImfTiledInputFile.cpp
IlmImf\ImfTiledInputFile.cpp(523): warning C4267: 'initializing': conversion from 'size_t' to 'int', possible loss of data
  ImfTiledInputPart.cpp
  ImfTiledMisc.cpp
  Generating Code...
  Compiling...
  ImfTiledOutputFile.cpp
IlmImf\ImfTiledOutputFile.cpp(804): warning C4244: '=': conversion from '__int64' to 'int', possible loss of data
IlmImf\ImfTiledOutputFile.cpp(1037): warning C4267: 'argument': conversion from 'size_t' to 'long', possible loss of data
  ImfTiledOutputPart.cpp
  ImfTiledRgbaFile.cpp
  ImfTileOffsets.cpp
IlmImf\ImfTileOffsets.cpp(154): warning C4244: 'argument': conversion from 'Imath_2_2::Int64' to 'int', possible loss of data
  ImfTimeCode.cpp
  ImfTimeCodeAttribute.cpp
  ImfVecAttribute.cpp
  ImfVersion.cpp
  ImfWav.cpp
  ImfZip.cpp
IlmImf\ImfZip.cpp(146): warning C4267: 'initializing': conversion from 'size_t' to 'uLongf', possible loss of data
  ImfZipCompressor.cpp
IlmImf\ImfZipCompressor.cpp(62): warning C4267: 'initializing': conversion from 'size_t' to 'int', possible loss of data
  ImathBox.cpp
  ImathColorAlgo.cpp
  ImathFun.cpp
  ImathMatrixAlgo.cpp
  ImathRandom.cpp
  ImathShear.cpp
  ImathVec.cpp
  IexBaseExc.cpp
  IexThrowErrnoExc.cpp
  Generating Code...
  Compiling...
  half.cpp
  IlmThread.cpp
IlmThread\IlmThread.cpp(67): warning C4297: 'IlmThread_2_2::Thread::~Thread': function assumed not to throw an exception but does
  IlmThread\IlmThread.cpp(67): note: destructor or deallocator has a (possibly implicit) non-throwing exception specification
  IlmThreadMutex.cpp
  IlmThreadPool.cpp
IlmThread\IlmThreadPool.cpp(371): warning C4267: 'return': conversion from 'size_t' to 'int', possible loss of data
  IlmThreadSemaphore.cpp
  IexMathFloatExc.cpp
  Generating Code...
ImathShear.obj : warning LNK4221: This object file does not define any previously undefined public symbols, so it will not be used by any link operation that consumes this library
ImathBox.obj : warning LNK4221: This object file does not define any previously undefined public symbols, so it will not be used by any link operation that consumes this library
  OpenEXR.2013.vcxproj -> D:\Projects\Engine_Project\PrimeEngine\Dependencies\FreeImage\Source\OpenEXR\.\x64\Debug\OpenEXR.lib
