d:\projects\engine_project\primeengine\dependencies\freeimage\source\libopenjpeg\x64\debug\libopenjpeg.pdb
d:\projects\engine_project\primeengine\dependencies\freeimage\source\libopenjpeg\x64\debug\tgt.obj
d:\projects\engine_project\primeengine\dependencies\freeimage\source\libopenjpeg\x64\debug\tcd.obj
d:\projects\engine_project\primeengine\dependencies\freeimage\source\libopenjpeg\x64\debug\t2.obj
d:\projects\engine_project\primeengine\dependencies\freeimage\source\libopenjpeg\x64\debug\t1.obj
d:\projects\engine_project\primeengine\dependencies\freeimage\source\libopenjpeg\x64\debug\raw.obj
d:\projects\engine_project\primeengine\dependencies\freeimage\source\libopenjpeg\x64\debug\pi.obj
d:\projects\engine_project\primeengine\dependencies\freeimage\source\libopenjpeg\x64\debug\opj_clock.obj
d:\projects\engine_project\primeengine\dependencies\freeimage\source\libopenjpeg\x64\debug\openjpeg.obj
d:\projects\engine_project\primeengine\dependencies\freeimage\source\libopenjpeg\x64\debug\mqc.obj
d:\projects\engine_project\primeengine\dependencies\freeimage\source\libopenjpeg\x64\debug\mct.obj
d:\projects\engine_project\primeengine\dependencies\freeimage\source\libopenjpeg\x64\debug\jp2.obj
d:\projects\engine_project\primeengine\dependencies\freeimage\source\libopenjpeg\x64\debug\j2k.obj
d:\projects\engine_project\primeengine\dependencies\freeimage\source\libopenjpeg\x64\debug\invert.obj
d:\projects\engine_project\primeengine\dependencies\freeimage\source\libopenjpeg\x64\debug\image.obj
d:\projects\engine_project\primeengine\dependencies\freeimage\source\libopenjpeg\x64\debug\function_list.obj
d:\projects\engine_project\primeengine\dependencies\freeimage\source\libopenjpeg\x64\debug\event.obj
d:\projects\engine_project\primeengine\dependencies\freeimage\source\libopenjpeg\x64\debug\dwt.obj
d:\projects\engine_project\primeengine\dependencies\freeimage\source\libopenjpeg\x64\debug\cio.obj
d:\projects\engine_project\primeengine\dependencies\freeimage\source\libopenjpeg\x64\debug\bio.obj
d:\projects\engine_project\primeengine\dependencies\freeimage\source\libopenjpeg\x64\debug\libopenjpeg.lib
d:\projects\engine_project\primeengine\dependencies\freeimage\source\libopenjpeg\.\x64\debug\libopenjpeg.lib
d:\projects\engine_project\primeengine\dependencies\freeimage\source\libopenjpeg\x64\debug\libopenjpeg.tlog\cl.command.1.tlog
d:\projects\engine_project\primeengine\dependencies\freeimage\source\libopenjpeg\x64\debug\libopenjpeg.tlog\cl.read.1.tlog
d:\projects\engine_project\primeengine\dependencies\freeimage\source\libopenjpeg\x64\debug\libopenjpeg.tlog\cl.write.1.tlog
d:\projects\engine_project\primeengine\dependencies\freeimage\source\libopenjpeg\x64\debug\libopenjpeg.tlog\lib-link.read.1.tlog
d:\projects\engine_project\primeengine\dependencies\freeimage\source\libopenjpeg\x64\debug\libopenjpeg.tlog\lib-link.write.1.tlog
d:\projects\engine_project\primeengine\dependencies\freeimage\source\libopenjpeg\x64\debug\libopenjpeg.tlog\lib.command.1.tlog
