d:\projects\engine_project\primeengine\dependencies\freeimage\source\libpng\x64\release\pngwutil.obj
d:\projects\engine_project\primeengine\dependencies\freeimage\source\libpng\x64\release\pngwtran.obj
d:\projects\engine_project\primeengine\dependencies\freeimage\source\libpng\x64\release\pngwrite.obj
d:\projects\engine_project\primeengine\dependencies\freeimage\source\libpng\x64\release\pngwio.obj
d:\projects\engine_project\primeengine\dependencies\freeimage\source\libpng\x64\release\pngtrans.obj
d:\projects\engine_project\primeengine\dependencies\freeimage\source\libpng\x64\release\pngset.obj
d:\projects\engine_project\primeengine\dependencies\freeimage\source\libpng\x64\release\pngrutil.obj
d:\projects\engine_project\primeengine\dependencies\freeimage\source\libpng\x64\release\pngrtran.obj
d:\projects\engine_project\primeengine\dependencies\freeimage\source\libpng\x64\release\pngrio.obj
d:\projects\engine_project\primeengine\dependencies\freeimage\source\libpng\x64\release\pngread.obj
d:\projects\engine_project\primeengine\dependencies\freeimage\source\libpng\x64\release\pngpread.obj
d:\projects\engine_project\primeengine\dependencies\freeimage\source\libpng\x64\release\pngmem.obj
d:\projects\engine_project\primeengine\dependencies\freeimage\source\libpng\x64\release\pngget.obj
d:\projects\engine_project\primeengine\dependencies\freeimage\source\libpng\x64\release\pngerror.obj
d:\projects\engine_project\primeengine\dependencies\freeimage\source\libpng\x64\release\png.obj
d:\projects\engine_project\primeengine\dependencies\freeimage\source\libpng\x64\release\libpng.lib
d:\projects\engine_project\primeengine\dependencies\freeimage\source\libpng\.\x64\release\libpng.lib
d:\projects\engine_project\primeengine\dependencies\freeimage\source\libpng\x64\release\libpng.tlog\cl.command.1.tlog
d:\projects\engine_project\primeengine\dependencies\freeimage\source\libpng\x64\release\libpng.tlog\cl.read.1.tlog
d:\projects\engine_project\primeengine\dependencies\freeimage\source\libpng\x64\release\libpng.tlog\cl.write.1.tlog
d:\projects\engine_project\primeengine\dependencies\freeimage\source\libpng\x64\release\libpng.tlog\lib-link.read.1.tlog
d:\projects\engine_project\primeengine\dependencies\freeimage\source\libpng\x64\release\libpng.tlog\lib-link.write.1.tlog
d:\projects\engine_project\primeengine\dependencies\freeimage\source\libpng\x64\release\libpng.tlog\lib.command.1.tlog
