d:\projects\engine_project\primeengine\dependencies\freeimage\source\zlib\x64\release\zutil.obj
d:\projects\engine_project\primeengine\dependencies\freeimage\source\zlib\x64\release\uncompr.obj
d:\projects\engine_project\primeengine\dependencies\freeimage\source\zlib\x64\release\trees.obj
d:\projects\engine_project\primeengine\dependencies\freeimage\source\zlib\x64\release\inftrees.obj
d:\projects\engine_project\primeengine\dependencies\freeimage\source\zlib\x64\release\inflate.obj
d:\projects\engine_project\primeengine\dependencies\freeimage\source\zlib\x64\release\inffast.obj
d:\projects\engine_project\primeengine\dependencies\freeimage\source\zlib\x64\release\infback.obj
d:\projects\engine_project\primeengine\dependencies\freeimage\source\zlib\x64\release\gzwrite.obj
d:\projects\engine_project\primeengine\dependencies\freeimage\source\zlib\x64\release\gzread.obj
d:\projects\engine_project\primeengine\dependencies\freeimage\source\zlib\x64\release\gzlib.obj
d:\projects\engine_project\primeengine\dependencies\freeimage\source\zlib\x64\release\gzclose.obj
d:\projects\engine_project\primeengine\dependencies\freeimage\source\zlib\x64\release\deflate.obj
d:\projects\engine_project\primeengine\dependencies\freeimage\source\zlib\x64\release\crc32.obj
d:\projects\engine_project\primeengine\dependencies\freeimage\source\zlib\x64\release\compress.obj
d:\projects\engine_project\primeengine\dependencies\freeimage\source\zlib\x64\release\adler32.obj
d:\projects\engine_project\primeengine\dependencies\freeimage\source\zlib\x64\release\zlib.lib
d:\projects\engine_project\primeengine\dependencies\freeimage\source\zlib\.\x64\release\zlib.lib
d:\projects\engine_project\primeengine\dependencies\freeimage\source\zlib\x64\release\zlib.tlog\cl.command.1.tlog
d:\projects\engine_project\primeengine\dependencies\freeimage\source\zlib\x64\release\zlib.tlog\cl.read.1.tlog
d:\projects\engine_project\primeengine\dependencies\freeimage\source\zlib\x64\release\zlib.tlog\cl.write.1.tlog
d:\projects\engine_project\primeengine\dependencies\freeimage\source\zlib\x64\release\zlib.tlog\lib-link.read.1.tlog
d:\projects\engine_project\primeengine\dependencies\freeimage\source\zlib\x64\release\zlib.tlog\lib-link.write.1.tlog
d:\projects\engine_project\primeengine\dependencies\freeimage\source\zlib\x64\release\zlib.tlog\lib.command.1.tlog
