d:\projects\engine_project\primeengine\dependencies\freeimage\source\libjpeg\x64\debug\libjpeg.pdb
d:\projects\engine_project\primeengine\dependencies\freeimage\source\libjpeg\x64\debug\jdarith.obj
d:\projects\engine_project\primeengine\dependencies\freeimage\source\libjpeg\x64\debug\jdapistd.obj
d:\projects\engine_project\primeengine\dependencies\freeimage\source\libjpeg\x64\debug\jdapimin.obj
d:\projects\engine_project\primeengine\dependencies\freeimage\source\libjpeg\x64\debug\jctrans.obj
d:\projects\engine_project\primeengine\dependencies\freeimage\source\libjpeg\x64\debug\jcsample.obj
d:\projects\engine_project\primeengine\dependencies\freeimage\source\libjpeg\x64\debug\jcprepct.obj
d:\projects\engine_project\primeengine\dependencies\freeimage\source\libjpeg\x64\debug\jcparam.obj
d:\projects\engine_project\primeengine\dependencies\freeimage\source\libjpeg\x64\debug\jcomapi.obj
d:\projects\engine_project\primeengine\dependencies\freeimage\source\libjpeg\x64\debug\jcmaster.obj
d:\projects\engine_project\primeengine\dependencies\freeimage\source\libjpeg\x64\debug\jcmarker.obj
d:\projects\engine_project\primeengine\dependencies\freeimage\source\libjpeg\x64\debug\jcmainct.obj
d:\projects\engine_project\primeengine\dependencies\freeimage\source\libjpeg\x64\debug\jcinit.obj
d:\projects\engine_project\primeengine\dependencies\freeimage\source\libjpeg\x64\debug\jchuff.obj
d:\projects\engine_project\primeengine\dependencies\freeimage\source\libjpeg\x64\debug\jcdctmgr.obj
d:\projects\engine_project\primeengine\dependencies\freeimage\source\libjpeg\x64\debug\jccolor.obj
d:\projects\engine_project\primeengine\dependencies\freeimage\source\libjpeg\x64\debug\jccoefct.obj
d:\projects\engine_project\primeengine\dependencies\freeimage\source\libjpeg\x64\debug\jcarith.obj
d:\projects\engine_project\primeengine\dependencies\freeimage\source\libjpeg\x64\debug\jcapistd.obj
d:\projects\engine_project\primeengine\dependencies\freeimage\source\libjpeg\x64\debug\jcapimin.obj
d:\projects\engine_project\primeengine\dependencies\freeimage\source\libjpeg\x64\debug\jaricom.obj
d:\projects\engine_project\primeengine\dependencies\freeimage\source\libjpeg\x64\debug\jidctfst.obj
d:\projects\engine_project\primeengine\dependencies\freeimage\source\libjpeg\x64\debug\jidctflt.obj
d:\projects\engine_project\primeengine\dependencies\freeimage\source\libjpeg\x64\debug\jfdctint.obj
d:\projects\engine_project\primeengine\dependencies\freeimage\source\libjpeg\x64\debug\jfdctfst.obj
d:\projects\engine_project\primeengine\dependencies\freeimage\source\libjpeg\x64\debug\jfdctflt.obj
d:\projects\engine_project\primeengine\dependencies\freeimage\source\libjpeg\x64\debug\jerror.obj
d:\projects\engine_project\primeengine\dependencies\freeimage\source\libjpeg\x64\debug\jdtrans.obj
d:\projects\engine_project\primeengine\dependencies\freeimage\source\libjpeg\x64\debug\jdsample.obj
d:\projects\engine_project\primeengine\dependencies\freeimage\source\libjpeg\x64\debug\jdpostct.obj
d:\projects\engine_project\primeengine\dependencies\freeimage\source\libjpeg\x64\debug\jdmerge.obj
d:\projects\engine_project\primeengine\dependencies\freeimage\source\libjpeg\x64\debug\jdmaster.obj
d:\projects\engine_project\primeengine\dependencies\freeimage\source\libjpeg\x64\debug\jdmarker.obj
d:\projects\engine_project\primeengine\dependencies\freeimage\source\libjpeg\x64\debug\jdmainct.obj
d:\projects\engine_project\primeengine\dependencies\freeimage\source\libjpeg\x64\debug\jdinput.obj
d:\projects\engine_project\primeengine\dependencies\freeimage\source\libjpeg\x64\debug\jdhuff.obj
d:\projects\engine_project\primeengine\dependencies\freeimage\source\libjpeg\x64\debug\jddctmgr.obj
d:\projects\engine_project\primeengine\dependencies\freeimage\source\libjpeg\x64\debug\jdcolor.obj
d:\projects\engine_project\primeengine\dependencies\freeimage\source\libjpeg\x64\debug\jdcoefct.obj
d:\projects\engine_project\primeengine\dependencies\freeimage\source\libjpeg\x64\debug\jdatasrc.obj
d:\projects\engine_project\primeengine\dependencies\freeimage\source\libjpeg\x64\debug\jdatadst.obj
d:\projects\engine_project\primeengine\dependencies\freeimage\source\libjpeg\x64\debug\transupp.obj
d:\projects\engine_project\primeengine\dependencies\freeimage\source\libjpeg\x64\debug\jutils.obj
d:\projects\engine_project\primeengine\dependencies\freeimage\source\libjpeg\x64\debug\jquant2.obj
d:\projects\engine_project\primeengine\dependencies\freeimage\source\libjpeg\x64\debug\jquant1.obj
d:\projects\engine_project\primeengine\dependencies\freeimage\source\libjpeg\x64\debug\jmemnobs.obj
d:\projects\engine_project\primeengine\dependencies\freeimage\source\libjpeg\x64\debug\jmemmgr.obj
d:\projects\engine_project\primeengine\dependencies\freeimage\source\libjpeg\x64\debug\jidctint.obj
d:\projects\engine_project\primeengine\dependencies\freeimage\source\libjpeg\x64\debug\libjpeg.lib
d:\projects\engine_project\primeengine\dependencies\freeimage\source\libjpeg\.\x64\debug\libjpeg.lib
d:\projects\engine_project\primeengine\dependencies\freeimage\source\libjpeg\x64\debug\libjpeg.tlog\cl.command.1.tlog
d:\projects\engine_project\primeengine\dependencies\freeimage\source\libjpeg\x64\debug\libjpeg.tlog\cl.read.1.tlog
d:\projects\engine_project\primeengine\dependencies\freeimage\source\libjpeg\x64\debug\libjpeg.tlog\cl.write.1.tlog
d:\projects\engine_project\primeengine\dependencies\freeimage\source\libjpeg\x64\debug\libjpeg.tlog\lib-link.read.1.tlog
d:\projects\engine_project\primeengine\dependencies\freeimage\source\libjpeg\x64\debug\libjpeg.tlog\lib-link.write.1.tlog
d:\projects\engine_project\primeengine\dependencies\freeimage\source\libjpeg\x64\debug\libjpeg.tlog\lib.command.1.tlog
