d:\projects\engine_project\primeengine\dependencies\freeimage\source\libjxr\x64\debug\libjxr.pdb
d:\projects\engine_project\primeengine\dependencies\freeimage\source\libjxr\x64\debug\libjxr.idb
d:\projects\engine_project\primeengine\dependencies\freeimage\source\libjxr\x64\debug\segdec.obj
d:\projects\engine_project\primeengine\dependencies\freeimage\source\libjxr\x64\debug\strdec.obj
d:\projects\engine_project\primeengine\dependencies\freeimage\source\libjxr\x64\debug\strdec_x86.obj
d:\projects\engine_project\primeengine\dependencies\freeimage\source\libjxr\x64\debug\strinvtransform.obj
d:\projects\engine_project\primeengine\dependencies\freeimage\source\libjxr\x64\debug\strpredquantdec.obj
d:\projects\engine_project\primeengine\dependencies\freeimage\source\libjxr\x64\debug\encode.obj
d:\projects\engine_project\primeengine\dependencies\freeimage\source\libjxr\x64\debug\segenc.obj
d:\projects\engine_project\primeengine\dependencies\freeimage\source\libjxr\x64\debug\strenc.obj
d:\projects\engine_project\primeengine\dependencies\freeimage\source\libjxr\x64\debug\strenc_x86.obj
d:\projects\engine_project\primeengine\dependencies\freeimage\source\libjxr\x64\debug\strfwdtransform.obj
d:\projects\engine_project\primeengine\dependencies\freeimage\source\libjxr\x64\debug\strpredquantenc.obj
d:\projects\engine_project\primeengine\dependencies\freeimage\source\libjxr\x64\debug\adapthuff.obj
d:\projects\engine_project\primeengine\dependencies\freeimage\source\libjxr\x64\debug\image.obj
d:\projects\engine_project\primeengine\dependencies\freeimage\source\libjxr\x64\debug\strcodec.obj
d:\projects\engine_project\primeengine\dependencies\freeimage\source\libjxr\x64\debug\strpredquant.obj
d:\projects\engine_project\primeengine\dependencies\freeimage\source\libjxr\x64\debug\strtransform.obj
d:\projects\engine_project\primeengine\dependencies\freeimage\source\libjxr\x64\debug\jxrglue.obj
d:\projects\engine_project\primeengine\dependencies\freeimage\source\libjxr\x64\debug\jxrgluejxr.obj
d:\projects\engine_project\primeengine\dependencies\freeimage\source\libjxr\x64\debug\jxrgluepfc.obj
d:\projects\engine_project\primeengine\dependencies\freeimage\source\libjxr\x64\debug\jxrmeta.obj
d:\projects\engine_project\primeengine\dependencies\freeimage\source\libjxr\x64\debug\decode.obj
d:\projects\engine_project\primeengine\dependencies\freeimage\source\libjxr\x64\debug\jxrtranscode.obj
d:\projects\engine_project\primeengine\dependencies\freeimage\source\libjxr\x64\debug\postprocess.obj
d:\projects\engine_project\primeengine\dependencies\freeimage\source\libjxr\x64\debug\libjxr.lib
d:\projects\engine_project\primeengine\dependencies\freeimage\source\libjxr\.\x64\debug\libjxr.lib
d:\projects\engine_project\primeengine\dependencies\freeimage\source\libjxr\x64\debug\libjxr.tlog\cl.command.1.tlog
d:\projects\engine_project\primeengine\dependencies\freeimage\source\libjxr\x64\debug\libjxr.tlog\cl.read.1.tlog
d:\projects\engine_project\primeengine\dependencies\freeimage\source\libjxr\x64\debug\libjxr.tlog\cl.write.1.tlog
d:\projects\engine_project\primeengine\dependencies\freeimage\source\libjxr\x64\debug\libjxr.tlog\lib-link.read.1.tlog
d:\projects\engine_project\primeengine\dependencies\freeimage\source\libjxr\x64\debug\libjxr.tlog\lib-link.write.1.tlog
d:\projects\engine_project\primeengine\dependencies\freeimage\source\libjxr\x64\debug\libjxr.tlog\lib.command.1.tlog
