d:\projects\engine_project\primeengine\dependencies\freeimage\source\freeimagelib\x64\debug\freeimagelib.pdb
d:\projects\engine_project\primeengine\dependencies\freeimage\source\freeimagelib\x64\debug\conversionfloat.obj
d:\projects\engine_project\primeengine\dependencies\freeimage\source\freeimagelib\x64\debug\conversion8.obj
d:\projects\engine_project\primeengine\dependencies\freeimage\source\freeimagelib\x64\debug\conversion4.obj
d:\projects\engine_project\primeengine\dependencies\freeimage\source\freeimagelib\x64\debug\conversion32.obj
d:\projects\engine_project\primeengine\dependencies\freeimage\source\freeimagelib\x64\debug\conversion24.obj
d:\projects\engine_project\primeengine\dependencies\freeimage\source\freeimagelib\x64\debug\conversion16_565.obj
d:\projects\engine_project\primeengine\dependencies\freeimage\source\freeimagelib\x64\debug\conversion16_555.obj
d:\projects\engine_project\primeengine\dependencies\freeimage\source\freeimagelib\x64\debug\conversion.obj
d:\projects\engine_project\primeengine\dependencies\freeimage\source\freeimagelib\x64\debug\wuquantizer.obj
d:\projects\engine_project\primeengine\dependencies\freeimage\source\freeimagelib\x64\debug\nnquantizer.obj
d:\projects\engine_project\primeengine\dependencies\freeimage\source\freeimagelib\x64\debug\pixelaccess.obj
d:\projects\engine_project\primeengine\dependencies\freeimage\source\freeimagelib\x64\debug\memoryio.obj
d:\projects\engine_project\primeengine\dependencies\freeimage\source\freeimagelib\x64\debug\lfpquantizer.obj
d:\projects\engine_project\primeengine\dependencies\freeimage\source\freeimagelib\x64\debug\gettype.obj
d:\projects\engine_project\primeengine\dependencies\freeimage\source\freeimagelib\x64\debug\freeimageio.obj
d:\projects\engine_project\primeengine\dependencies\freeimage\source\freeimagelib\x64\debug\freeimage.obj
d:\projects\engine_project\primeengine\dependencies\freeimage\source\freeimagelib\x64\debug\conversionrgbaf.obj
d:\projects\engine_project\primeengine\dependencies\freeimage\source\freeimagelib\x64\debug\conversionrgba16.obj
d:\projects\engine_project\primeengine\dependencies\freeimage\source\freeimagelib\x64\debug\colorlookup.obj
d:\projects\engine_project\primeengine\dependencies\freeimage\source\freeimagelib\x64\debug\bitmapaccess.obj
d:\projects\engine_project\primeengine\dependencies\freeimage\source\freeimagelib\x64\debug\pluginhdr.obj
d:\projects\engine_project\primeengine\dependencies\freeimage\source\freeimagelib\x64\debug\plugingif.obj
d:\projects\engine_project\primeengine\dependencies\freeimage\source\freeimagelib\x64\debug\pluging3.obj
d:\projects\engine_project\primeengine\dependencies\freeimage\source\freeimagelib\x64\debug\pluginexr.obj
d:\projects\engine_project\primeengine\dependencies\freeimage\source\freeimagelib\x64\debug\plugindds.obj
d:\projects\engine_project\primeengine\dependencies\freeimage\source\freeimagelib\x64\debug\plugincut.obj
d:\projects\engine_project\primeengine\dependencies\freeimage\source\freeimagelib\x64\debug\pluginbmp.obj
d:\projects\engine_project\primeengine\dependencies\freeimage\source\freeimagelib\x64\debug\plugin.obj
d:\projects\engine_project\primeengine\dependencies\freeimage\source\freeimagelib\x64\debug\mnghelper.obj
d:\projects\engine_project\primeengine\dependencies\freeimage\source\freeimagelib\x64\debug\j2khelper.obj
d:\projects\engine_project\primeengine\dependencies\freeimage\source\freeimagelib\x64\debug\tonemapping.obj
d:\projects\engine_project\primeengine\dependencies\freeimage\source\freeimagelib\x64\debug\tmoreinhard05.obj
d:\projects\engine_project\primeengine\dependencies\freeimage\source\freeimagelib\x64\debug\tmofattal02.obj
d:\projects\engine_project\primeengine\dependencies\freeimage\source\freeimagelib\x64\debug\tmodrago03.obj
d:\projects\engine_project\primeengine\dependencies\freeimage\source\freeimagelib\x64\debug\tmocolorconvert.obj
d:\projects\engine_project\primeengine\dependencies\freeimage\source\freeimagelib\x64\debug\halftoning.obj
d:\projects\engine_project\primeengine\dependencies\freeimage\source\freeimagelib\x64\debug\conversionuint16.obj
d:\projects\engine_project\primeengine\dependencies\freeimage\source\freeimagelib\x64\debug\conversiontype.obj
d:\projects\engine_project\primeengine\dependencies\freeimage\source\freeimagelib\x64\debug\conversionrgbf.obj
d:\projects\engine_project\primeengine\dependencies\freeimage\source\freeimagelib\x64\debug\conversionrgb16.obj
d:\projects\engine_project\primeengine\dependencies\freeimage\source\freeimagelib\x64\debug\plugintarga.obj
d:\projects\engine_project\primeengine\dependencies\freeimage\source\freeimagelib\x64\debug\pluginsgi.obj
d:\projects\engine_project\primeengine\dependencies\freeimage\source\freeimagelib\x64\debug\pluginraw.obj
d:\projects\engine_project\primeengine\dependencies\freeimage\source\freeimagelib\x64\debug\pluginras.obj
d:\projects\engine_project\primeengine\dependencies\freeimage\source\freeimagelib\x64\debug\pluginpsd.obj
d:\projects\engine_project\primeengine\dependencies\freeimage\source\freeimagelib\x64\debug\pluginpnm.obj
d:\projects\engine_project\primeengine\dependencies\freeimage\source\freeimagelib\x64\debug\pluginpng.obj
d:\projects\engine_project\primeengine\dependencies\freeimage\source\freeimagelib\x64\debug\pluginpict.obj
d:\projects\engine_project\primeengine\dependencies\freeimage\source\freeimagelib\x64\debug\pluginpfm.obj
d:\projects\engine_project\primeengine\dependencies\freeimage\source\freeimagelib\x64\debug\pluginpcx.obj
d:\projects\engine_project\primeengine\dependencies\freeimage\source\freeimagelib\x64\debug\pluginpcd.obj
d:\projects\engine_project\primeengine\dependencies\freeimage\source\freeimagelib\x64\debug\pluginmng.obj
d:\projects\engine_project\primeengine\dependencies\freeimage\source\freeimagelib\x64\debug\pluginkoala.obj
d:\projects\engine_project\primeengine\dependencies\freeimage\source\freeimagelib\x64\debug\pluginjxr.obj
d:\projects\engine_project\primeengine\dependencies\freeimage\source\freeimagelib\x64\debug\pluginjpeg.obj
d:\projects\engine_project\primeengine\dependencies\freeimage\source\freeimagelib\x64\debug\pluginjp2.obj
d:\projects\engine_project\primeengine\dependencies\freeimage\source\freeimagelib\x64\debug\pluginjng.obj
d:\projects\engine_project\primeengine\dependencies\freeimage\source\freeimagelib\x64\debug\pluginj2k.obj
d:\projects\engine_project\primeengine\dependencies\freeimage\source\freeimagelib\x64\debug\pluginiff.obj
d:\projects\engine_project\primeengine\dependencies\freeimage\source\freeimagelib\x64\debug\pluginico.obj
d:\projects\engine_project\primeengine\dependencies\freeimage\source\freeimagelib\x64\debug\background.obj
d:\projects\engine_project\primeengine\dependencies\freeimage\source\freeimagelib\x64\debug\xtiff.obj
d:\projects\engine_project\primeengine\dependencies\freeimage\source\freeimagelib\x64\debug\taglib.obj
d:\projects\engine_project\primeengine\dependencies\freeimage\source\freeimagelib\x64\debug\tagconversion.obj
d:\projects\engine_project\primeengine\dependencies\freeimage\source\freeimagelib\x64\debug\iptc.obj
d:\projects\engine_project\primeengine\dependencies\freeimage\source\freeimagelib\x64\debug\freeimagetag.obj
d:\projects\engine_project\primeengine\dependencies\freeimage\source\freeimagelib\x64\debug\firational.obj
d:\projects\engine_project\primeengine\dependencies\freeimage\source\freeimagelib\x64\debug\exif.obj
d:\projects\engine_project\primeengine\dependencies\freeimage\source\freeimagelib\x64\debug\zlibinterface.obj
d:\projects\engine_project\primeengine\dependencies\freeimage\source\freeimagelib\x64\debug\multipage.obj
d:\projects\engine_project\primeengine\dependencies\freeimage\source\freeimagelib\x64\debug\cachefile.obj
d:\projects\engine_project\primeengine\dependencies\freeimage\source\freeimagelib\x64\debug\deprecationmgr.obj
d:\projects\engine_project\primeengine\dependencies\freeimage\source\freeimagelib\x64\debug\deprecated.obj
d:\projects\engine_project\primeengine\dependencies\freeimage\source\freeimagelib\x64\debug\tifflogluv.obj
d:\projects\engine_project\primeengine\dependencies\freeimage\source\freeimagelib\x64\debug\psdparser.obj
d:\projects\engine_project\primeengine\dependencies\freeimage\source\freeimagelib\x64\debug\pluginxpm.obj
d:\projects\engine_project\primeengine\dependencies\freeimage\source\freeimagelib\x64\debug\pluginxbm.obj
d:\projects\engine_project\primeengine\dependencies\freeimage\source\freeimagelib\x64\debug\pluginwebp.obj
d:\projects\engine_project\primeengine\dependencies\freeimage\source\freeimagelib\x64\debug\pluginwbmp.obj
d:\projects\engine_project\primeengine\dependencies\freeimage\source\freeimagelib\x64\debug\plugintiff.obj
d:\projects\engine_project\primeengine\dependencies\freeimage\source\freeimagelib\x64\debug\resize.obj
d:\projects\engine_project\primeengine\dependencies\freeimage\source\freeimagelib\x64\debug\rescale.obj
d:\projects\engine_project\primeengine\dependencies\freeimage\source\freeimagelib\x64\debug\multigridpoissonsolver.obj
d:\projects\engine_project\primeengine\dependencies\freeimage\source\freeimagelib\x64\debug\jpegtransform.obj
d:\projects\engine_project\primeengine\dependencies\freeimage\source\freeimagelib\x64\debug\flip.obj
d:\projects\engine_project\primeengine\dependencies\freeimage\source\freeimagelib\x64\debug\display.obj
d:\projects\engine_project\primeengine\dependencies\freeimage\source\freeimagelib\x64\debug\copypaste.obj
d:\projects\engine_project\primeengine\dependencies\freeimage\source\freeimagelib\x64\debug\colors.obj
d:\projects\engine_project\primeengine\dependencies\freeimage\source\freeimagelib\x64\debug\classicrotate.obj
d:\projects\engine_project\primeengine\dependencies\freeimage\source\freeimagelib\x64\debug\channels.obj
d:\projects\engine_project\primeengine\dependencies\freeimage\source\freeimagelib\x64\debug\bsplinerotate.obj
d:\projects\engine_project\primeengine\dependencies\freeimage\source\freeimagelib\x64\debug\freeimagelib.lib
d:\projects\engine_project\primeengine\dependencies\freeimage\source\freeimagelib\.\x64\debug\freeimagelib.lib
d:\projects\engine_project\primeengine\dependencies\freeimage\source\freeimagelib\x64\debug\freeimagelib.tlog\cl.command.1.tlog
d:\projects\engine_project\primeengine\dependencies\freeimage\source\freeimagelib\x64\debug\freeimagelib.tlog\cl.read.1.tlog
d:\projects\engine_project\primeengine\dependencies\freeimage\source\freeimagelib\x64\debug\freeimagelib.tlog\cl.write.1.tlog
d:\projects\engine_project\primeengine\dependencies\freeimage\source\freeimagelib\x64\debug\freeimagelib.tlog\lib-link.read.1.tlog
d:\projects\engine_project\primeengine\dependencies\freeimage\source\freeimagelib\x64\debug\freeimagelib.tlog\lib-link.write.1.tlog
d:\projects\engine_project\primeengine\dependencies\freeimage\source\freeimagelib\x64\debug\freeimagelib.tlog\lib.command.1.tlog
