d:\projects\engine_project\primeengine\dependencies\freeimage\source\libjxr\x64\release\jxrglue.obj
d:\projects\engine_project\primeengine\dependencies\freeimage\source\libjxr\x64\release\strtransform.obj
d:\projects\engine_project\primeengine\dependencies\freeimage\source\libjxr\x64\release\strpredquant.obj
d:\projects\engine_project\primeengine\dependencies\freeimage\source\libjxr\x64\release\strcodec.obj
d:\projects\engine_project\primeengine\dependencies\freeimage\source\libjxr\x64\release\image.obj
d:\projects\engine_project\primeengine\dependencies\freeimage\source\libjxr\x64\release\adapthuff.obj
d:\projects\engine_project\primeengine\dependencies\freeimage\source\libjxr\x64\release\strpredquantenc.obj
d:\projects\engine_project\primeengine\dependencies\freeimage\source\libjxr\x64\release\strfwdtransform.obj
d:\projects\engine_project\primeengine\dependencies\freeimage\source\libjxr\x64\release\strenc_x86.obj
d:\projects\engine_project\primeengine\dependencies\freeimage\source\libjxr\x64\release\strenc.obj
d:\projects\engine_project\primeengine\dependencies\freeimage\source\libjxr\x64\release\segenc.obj
d:\projects\engine_project\primeengine\dependencies\freeimage\source\libjxr\x64\release\encode.obj
d:\projects\engine_project\primeengine\dependencies\freeimage\source\libjxr\x64\release\strpredquantdec.obj
d:\projects\engine_project\primeengine\dependencies\freeimage\source\libjxr\x64\release\strinvtransform.obj
d:\projects\engine_project\primeengine\dependencies\freeimage\source\libjxr\x64\release\strdec_x86.obj
d:\projects\engine_project\primeengine\dependencies\freeimage\source\libjxr\x64\release\strdec.obj
d:\projects\engine_project\primeengine\dependencies\freeimage\source\libjxr\x64\release\segdec.obj
d:\projects\engine_project\primeengine\dependencies\freeimage\source\libjxr\x64\release\postprocess.obj
d:\projects\engine_project\primeengine\dependencies\freeimage\source\libjxr\x64\release\jxrtranscode.obj
d:\projects\engine_project\primeengine\dependencies\freeimage\source\libjxr\x64\release\decode.obj
d:\projects\engine_project\primeengine\dependencies\freeimage\source\libjxr\x64\release\jxrmeta.obj
d:\projects\engine_project\primeengine\dependencies\freeimage\source\libjxr\x64\release\jxrgluepfc.obj
d:\projects\engine_project\primeengine\dependencies\freeimage\source\libjxr\x64\release\jxrgluejxr.obj
d:\projects\engine_project\primeengine\dependencies\freeimage\source\libjxr\x64\release\libjxr.lib
d:\projects\engine_project\primeengine\dependencies\freeimage\source\libjxr\.\x64\release\libjxr.lib
d:\projects\engine_project\primeengine\dependencies\freeimage\source\libjxr\x64\release\libjxr.tlog\cl.command.1.tlog
d:\projects\engine_project\primeengine\dependencies\freeimage\source\libjxr\x64\release\libjxr.tlog\cl.read.1.tlog
d:\projects\engine_project\primeengine\dependencies\freeimage\source\libjxr\x64\release\libjxr.tlog\cl.write.1.tlog
d:\projects\engine_project\primeengine\dependencies\freeimage\source\libjxr\x64\release\libjxr.tlog\lib-link.read.1.tlog
d:\projects\engine_project\primeengine\dependencies\freeimage\source\libjxr\x64\release\libjxr.tlog\lib-link.write.1.tlog
d:\projects\engine_project\primeengine\dependencies\freeimage\source\libjxr\x64\release\libjxr.tlog\lib.command.1.tlog
