c:\_tomas monkeivc\projects\engine project\build\bin\primeengine-core\x64\release\vc140.pdb
c:\_tomas monkeivc\projects\engine project\build\bin\primeengine-core\x64\release\primeexception.obj
c:\_tomas monkeivc\projects\engine project\build\bin\primeengine-core\x64\release\networksever.obj
c:\_tomas monkeivc\projects\engine project\build\bin\primeengine-core\x64\release\networkhost.obj
c:\_tomas monkeivc\projects\engine project\build\bin\primeengine-core\x64\release\networkclient.obj
c:\_tomas monkeivc\projects\engine project\build\bin\primeengine-core\x64\release\vector3.obj
c:\_tomas monkeivc\projects\engine project\build\bin\primeengine-core\x64\release\window.obj
c:\_tomas monkeivc\projects\engine project\build\bin\primeengine-core\x64\release\vector4.obj
c:\_tomas monkeivc\projects\engine project\build\bin\primeengine-core\x64\release\vector2.obj
c:\_tomas monkeivc\projects\engine project\build\bin\primeengine-core\x64\release\matrix4x4.obj
c:\_tomas monkeivc\projects\engine project\build\bin\primeengine-core\x64\release\input.obj
c:\_tomas monkeivc\projects\engine project\build\bin\primeengine-core\x64\release\sprite.obj
c:\_tomas monkeivc\projects\engine project\build\bin\primeengine-core\x64\release\simplesprite.obj
c:\_tomas monkeivc\projects\engine project\build\bin\primeengine-core\x64\release\simplerenderer2d.obj
c:\_tomas monkeivc\projects\engine project\build\bin\primeengine-core\x64\release\shader.obj
c:\_tomas monkeivc\projects\engine project\build\bin\primeengine-core\x64\release\group.obj
c:\_tomas monkeivc\projects\engine project\build\bin\primeengine-core\x64\release\camera.obj
c:\_tomas monkeivc\projects\engine project\build\bin\primeengine-core\x64\release\vertexbuffer.obj
c:\_tomas monkeivc\projects\engine project\build\bin\primeengine-core\x64\release\vertexarray.obj
c:\_tomas monkeivc\projects\engine project\build\bin\primeengine-core\x64\release\indexbuffer.obj
c:\_tomas monkeivc\projects\engine project\build\bin\primeengine-core\x64\release\batchrenderer2d.obj
c:\_tomas monkeivc\projects\engine project\build\bin\primeengine-core\x64\release\time.obj
c:\_tomas monkeivc\projects\engine project\build\bin\primeengine-core\x64\release\layer.obj
c:\_tomas monkeivc\projects\engine project\build\x64\release\primeengine.dll
c:\_tomas monkeivc\projects\engine project\build\x64\release\primeengine.ipdb
c:\_tomas monkeivc\projects\engine project\build\x64\release\primeengine.iobj
c:\_tomas monkeivc\projects\engine project\build\x64\release\primeengine.pdb
c:\_tomas monkeivc\projects\engine project\build\x64\release\primeengine.lib
c:\_tomas monkeivc\projects\engine project\build\x64\release\primeengine.exp
c:\_tomas monkeivc\projects\engine project\primeengine\primeengine-core\..\..\build\x64\release\primeengine.pdb
c:\_tomas monkeivc\projects\engine project\primeengine\primeengine-core\..\..\build\x64\release\primeengine.dll
c:\_tomas monkeivc\projects\engine project\build\bin\primeengine-core\x64\release\primeengine-core.tlog\cl.command.1.tlog
c:\_tomas monkeivc\projects\engine project\build\bin\primeengine-core\x64\release\primeengine-core.tlog\cl.read.1.tlog
c:\_tomas monkeivc\projects\engine project\build\bin\primeengine-core\x64\release\primeengine-core.tlog\cl.write.1.tlog
c:\_tomas monkeivc\projects\engine project\build\bin\primeengine-core\x64\release\primeengine-core.tlog\link.command.1.tlog
c:\_tomas monkeivc\projects\engine project\build\bin\primeengine-core\x64\release\primeengine-core.tlog\link.read.1.tlog
c:\_tomas monkeivc\projects\engine project\build\bin\primeengine-core\x64\release\primeengine-core.tlog\link.write.1.tlog
c:\_tomas monkeivc\projects\engine project\build\bin\primeengine-core\x64\release\primeengine-core.tlog\primeengine-core.write.1u.tlog
