cl : Command line warning D9002: ignoring unknown option '/arch:SSE2'
  BatchRenderer2D.cpp
  IndexBuffer.cpp
  VertexArray.cpp
  VertexBuffer.cpp
  Camera.cpp
  Group.cpp
  Shader.cpp
  SimpleRenderer2D.cpp
  SimpleSprite.cpp
  Sprite.cpp
  Input.cpp
  Matrix4x4.cpp
  Vector2.cpp
  Vector4.cpp
  Window.cpp
  Vector3.cpp
  NetworkClient.cpp
Networking\NetworkClient.cpp(35): warning C4244: '=': conversion from 'SOCKET' to 'int', possible loss of data
  NetworkHost.cpp
Networking\NetworkHost.cpp(33): warning C4244: '=': conversion from 'SOCKET' to 'int', possible loss of data
Networking\NetworkHost.cpp(74): warning C4244: '=': conversion from 'SOCKET' to 'int', possible loss of data
  NetworkSever.cpp
Networking\NetworkSever.cpp(33): warning C4244: '=': conversion from 'SOCKET' to 'int', possible loss of data
Networking\NetworkSever.cpp(102): warning C4244: '=': conversion from 'SOCKET' to 'int', possible loss of data
  PrimeException.cpp
  Running Code Analysis for C/C++...
  Compiling...
  Time.cpp
  Running Code Analysis for C/C++...
cl : Command line warning D9002: ignoring unknown option '/arch:SSE2'
  Layer.cpp
     Creating library C:\_Tomas Monkeivc\Projects\Engine Project\PrimeEngine\PrimeEngine-Core\..\..\Build\x64\Release\PrimeEngine.lib and object C:\_Tomas Monkeivc\Projects\Engine Project\PrimeEngine\PrimeEngine-Core\..\..\Build\x64\Release\PrimeEngine.exp
LINK : warning LNK4098: defaultlib 'LIBCMT' conflicts with use of other libs; use /NODEFAULTLIB:library
  Generating code
  All 874 functions were compiled because no usable IPDB/IOBJ from previous compilation was found.
  Finished generating code
glew32s.lib(glew.obj) : warning LNK4099: PDB 'vc120.pdb' was not found with 'glew32s.lib(glew.obj)' or at 'C:\_Tomas Monkeivc\Projects\Engine Project\Build\x64\Release\vc120.pdb'; linking object as if no debug info
  PrimeEngine.vcxproj -> C:\_Tomas Monkeivc\Projects\Engine Project\PrimeEngine\PrimeEngine-Core\..\..\Build\x64\Release\PrimeEngine.dll
  PrimeEngine.vcxproj -> C:\_Tomas Monkeivc\Projects\Engine Project\PrimeEngine\PrimeEngine-Core\..\..\Build\x64\Release\PrimeEngine.pdb (Full PDB)
c:\_tomas monkeivc\projects\engine project\primeengine\primeengine-core\networking\networkclient.cpp(33): warning C6031: Return value ignored: 'WSAStartup'.
c:\_tomas monkeivc\projects\engine project\primeengine\primeengine-core\networking\networkhost.cpp(31): warning C6031: Return value ignored: 'WSAStartup'.
c:\_tomas monkeivc\projects\engine project\primeengine\primeengine-core\networking\networksever.cpp(31): warning C6031: Return value ignored: 'WSAStartup'.
