d:\projects\engine_project\primeengine\dependencies\freeimage\source\libwebp\x64\release\dsp.cost_mips_dsp_r2.obj
d:\projects\engine_project\primeengine\dependencies\freeimage\source\libwebp\x64\release\dsp.cost_mips32.obj
d:\projects\engine_project\primeengine\dependencies\freeimage\source\libwebp\x64\release\dsp.cost.obj
d:\projects\engine_project\primeengine\dependencies\freeimage\source\libwebp\x64\release\dsp.argb_sse2.obj
d:\projects\engine_project\primeengine\dependencies\freeimage\source\libwebp\x64\release\dsp.argb_mips_dsp_r2.obj
d:\projects\engine_project\primeengine\dependencies\freeimage\source\libwebp\x64\release\dsp.argb.obj
d:\projects\engine_project\primeengine\dependencies\freeimage\source\libwebp\x64\release\dsp.alpha_processing_sse2.obj
d:\projects\engine_project\primeengine\dependencies\freeimage\source\libwebp\x64\release\dsp.alpha_processing_mips_dsp_r2.obj
d:\projects\engine_project\primeengine\dependencies\freeimage\source\libwebp\x64\release\dsp.alpha_processing.obj
d:\projects\engine_project\primeengine\dependencies\freeimage\source\libwebp\x64\release\demux.demux.obj
d:\projects\engine_project\primeengine\dependencies\freeimage\source\libwebp\x64\release\dec.webp.obj
d:\projects\engine_project\primeengine\dependencies\freeimage\source\libwebp\x64\release\dec.vp8l.obj
d:\projects\engine_project\primeengine\dependencies\freeimage\source\libwebp\x64\release\dec.vp8.obj
d:\projects\engine_project\primeengine\dependencies\freeimage\source\libwebp\x64\release\dec.tree.obj
d:\projects\engine_project\primeengine\dependencies\freeimage\source\libwebp\x64\release\dec.quant.obj
d:\projects\engine_project\primeengine\dependencies\freeimage\source\libwebp\x64\release\dec.io.obj
d:\projects\engine_project\primeengine\dependencies\freeimage\source\libwebp\x64\release\dec.idec.obj
d:\projects\engine_project\primeengine\dependencies\freeimage\source\libwebp\x64\release\dec.frame.obj
d:\projects\engine_project\primeengine\dependencies\freeimage\source\libwebp\x64\release\dec.buffer.obj
d:\projects\engine_project\primeengine\dependencies\freeimage\source\libwebp\x64\release\dec.alpha.obj
d:\projects\engine_project\primeengine\dependencies\freeimage\source\libwebp\x64\release\dsp.lossless_mips_dsp_r2.obj
d:\projects\engine_project\primeengine\dependencies\freeimage\source\libwebp\x64\release\dsp.lossless_mips32.obj
d:\projects\engine_project\primeengine\dependencies\freeimage\source\libwebp\x64\release\dsp.lossless.obj
d:\projects\engine_project\primeengine\dependencies\freeimage\source\libwebp\x64\release\dsp.filters_sse2.obj
d:\projects\engine_project\primeengine\dependencies\freeimage\source\libwebp\x64\release\dsp.filters_mips_dsp_r2.obj
d:\projects\engine_project\primeengine\dependencies\freeimage\source\libwebp\x64\release\dsp.filters.obj
d:\projects\engine_project\primeengine\dependencies\freeimage\source\libwebp\x64\release\dsp.enc_sse2.obj
d:\projects\engine_project\primeengine\dependencies\freeimage\source\libwebp\x64\release\dsp.enc_neon.obj
d:\projects\engine_project\primeengine\dependencies\freeimage\source\libwebp\x64\release\dsp.enc_mips_dsp_r2.obj
d:\projects\engine_project\primeengine\dependencies\freeimage\source\libwebp\x64\release\dsp.enc_mips32.obj
d:\projects\engine_project\primeengine\dependencies\freeimage\source\libwebp\x64\release\dsp.enc_avx2.obj
d:\projects\engine_project\primeengine\dependencies\freeimage\source\libwebp\x64\release\dsp.enc.obj
d:\projects\engine_project\primeengine\dependencies\freeimage\source\libwebp\x64\release\dsp.dec_sse2.obj
d:\projects\engine_project\primeengine\dependencies\freeimage\source\libwebp\x64\release\dsp.dec_neon.obj
d:\projects\engine_project\primeengine\dependencies\freeimage\source\libwebp\x64\release\dsp.dec_mips_dsp_r2.obj
d:\projects\engine_project\primeengine\dependencies\freeimage\source\libwebp\x64\release\dsp.dec_mips32.obj
d:\projects\engine_project\primeengine\dependencies\freeimage\source\libwebp\x64\release\dsp.dec_clip_tables.obj
d:\projects\engine_project\primeengine\dependencies\freeimage\source\libwebp\x64\release\dsp.dec.obj
d:\projects\engine_project\primeengine\dependencies\freeimage\source\libwebp\x64\release\dsp.cpu.obj
d:\projects\engine_project\primeengine\dependencies\freeimage\source\libwebp\x64\release\dsp.cost_sse2.obj
d:\projects\engine_project\primeengine\dependencies\freeimage\source\libwebp\x64\release\enc.frame.obj
d:\projects\engine_project\primeengine\dependencies\freeimage\source\libwebp\x64\release\enc.filter.obj
d:\projects\engine_project\primeengine\dependencies\freeimage\source\libwebp\x64\release\enc.cost.obj
d:\projects\engine_project\primeengine\dependencies\freeimage\source\libwebp\x64\release\enc.config.obj
d:\projects\engine_project\primeengine\dependencies\freeimage\source\libwebp\x64\release\enc.backward_references.obj
d:\projects\engine_project\primeengine\dependencies\freeimage\source\libwebp\x64\release\enc.analysis.obj
d:\projects\engine_project\primeengine\dependencies\freeimage\source\libwebp\x64\release\enc.alpha.obj
d:\projects\engine_project\primeengine\dependencies\freeimage\source\libwebp\x64\release\dsp.yuv_sse2.obj
d:\projects\engine_project\primeengine\dependencies\freeimage\source\libwebp\x64\release\dsp.yuv_mips_dsp_r2.obj
d:\projects\engine_project\primeengine\dependencies\freeimage\source\libwebp\x64\release\dsp.yuv_mips32.obj
d:\projects\engine_project\primeengine\dependencies\freeimage\source\libwebp\x64\release\dsp.yuv.obj
d:\projects\engine_project\primeengine\dependencies\freeimage\source\libwebp\x64\release\dsp.upsampling_sse2.obj
d:\projects\engine_project\primeengine\dependencies\freeimage\source\libwebp\x64\release\dsp.upsampling_neon.obj
d:\projects\engine_project\primeengine\dependencies\freeimage\source\libwebp\x64\release\dsp.upsampling_mips_dsp_r2.obj
d:\projects\engine_project\primeengine\dependencies\freeimage\source\libwebp\x64\release\dsp.upsampling.obj
d:\projects\engine_project\primeengine\dependencies\freeimage\source\libwebp\x64\release\dsp.rescaler_mips_dsp_r2.obj
d:\projects\engine_project\primeengine\dependencies\freeimage\source\libwebp\x64\release\dsp.rescaler_mips32.obj
d:\projects\engine_project\primeengine\dependencies\freeimage\source\libwebp\x64\release\dsp.rescaler.obj
d:\projects\engine_project\primeengine\dependencies\freeimage\source\libwebp\x64\release\dsp.lossless_sse2.obj
d:\projects\engine_project\primeengine\dependencies\freeimage\source\libwebp\x64\release\dsp.lossless_neon.obj
d:\projects\engine_project\primeengine\dependencies\freeimage\source\libwebp\x64\release\utils.bit_writer.obj
d:\projects\engine_project\primeengine\dependencies\freeimage\source\libwebp\x64\release\utils.bit_reader.obj
d:\projects\engine_project\primeengine\dependencies\freeimage\source\libwebp\x64\release\mux.muxread.obj
d:\projects\engine_project\primeengine\dependencies\freeimage\source\libwebp\x64\release\mux.muxinternal.obj
d:\projects\engine_project\primeengine\dependencies\freeimage\source\libwebp\x64\release\mux.muxedit.obj
d:\projects\engine_project\primeengine\dependencies\freeimage\source\libwebp\x64\release\mux.anim_encode.obj
d:\projects\engine_project\primeengine\dependencies\freeimage\source\libwebp\x64\release\enc.webpenc.obj
d:\projects\engine_project\primeengine\dependencies\freeimage\source\libwebp\x64\release\enc.vp8l.obj
d:\projects\engine_project\primeengine\dependencies\freeimage\source\libwebp\x64\release\enc.tree.obj
d:\projects\engine_project\primeengine\dependencies\freeimage\source\libwebp\x64\release\enc.token.obj
d:\projects\engine_project\primeengine\dependencies\freeimage\source\libwebp\x64\release\enc.syntax.obj
d:\projects\engine_project\primeengine\dependencies\freeimage\source\libwebp\x64\release\enc.quant.obj
d:\projects\engine_project\primeengine\dependencies\freeimage\source\libwebp\x64\release\enc.picture_tools.obj
d:\projects\engine_project\primeengine\dependencies\freeimage\source\libwebp\x64\release\enc.picture_rescale.obj
d:\projects\engine_project\primeengine\dependencies\freeimage\source\libwebp\x64\release\enc.picture_psnr.obj
d:\projects\engine_project\primeengine\dependencies\freeimage\source\libwebp\x64\release\enc.picture_csp.obj
d:\projects\engine_project\primeengine\dependencies\freeimage\source\libwebp\x64\release\enc.picture.obj
d:\projects\engine_project\primeengine\dependencies\freeimage\source\libwebp\x64\release\enc.near_lossless.obj
d:\projects\engine_project\primeengine\dependencies\freeimage\source\libwebp\x64\release\enc.iterator.obj
d:\projects\engine_project\primeengine\dependencies\freeimage\source\libwebp\x64\release\enc.histogram.obj
d:\projects\engine_project\primeengine\dependencies\freeimage\source\libwebp\x64\release\utils.utils.obj
d:\projects\engine_project\primeengine\dependencies\freeimage\source\libwebp\x64\release\utils.thread.obj
d:\projects\engine_project\primeengine\dependencies\freeimage\source\libwebp\x64\release\utils.rescaler.obj
d:\projects\engine_project\primeengine\dependencies\freeimage\source\libwebp\x64\release\utils.random.obj
d:\projects\engine_project\primeengine\dependencies\freeimage\source\libwebp\x64\release\utils.quant_levels_dec.obj
d:\projects\engine_project\primeengine\dependencies\freeimage\source\libwebp\x64\release\utils.quant_levels.obj
d:\projects\engine_project\primeengine\dependencies\freeimage\source\libwebp\x64\release\utils.huffman_encode.obj
d:\projects\engine_project\primeengine\dependencies\freeimage\source\libwebp\x64\release\utils.huffman.obj
d:\projects\engine_project\primeengine\dependencies\freeimage\source\libwebp\x64\release\utils.filters.obj
d:\projects\engine_project\primeengine\dependencies\freeimage\source\libwebp\x64\release\utils.color_cache.obj
d:\projects\engine_project\primeengine\dependencies\freeimage\source\libwebp\x64\release\libwebp.lib
d:\projects\engine_project\primeengine\dependencies\freeimage\source\libwebp\.\x64\release\libwebp.lib
d:\projects\engine_project\primeengine\dependencies\freeimage\source\libwebp\x64\release\libwebp.tlog\cl.command.1.tlog
d:\projects\engine_project\primeengine\dependencies\freeimage\source\libwebp\x64\release\libwebp.tlog\cl.read.1.tlog
d:\projects\engine_project\primeengine\dependencies\freeimage\source\libwebp\x64\release\libwebp.tlog\cl.write.1.tlog
d:\projects\engine_project\primeengine\dependencies\freeimage\source\libwebp\x64\release\libwebp.tlog\lib-link.read.1.tlog
d:\projects\engine_project\primeengine\dependencies\freeimage\source\libwebp\x64\release\libwebp.tlog\lib-link.write.1.tlog
d:\projects\engine_project\primeengine\dependencies\freeimage\source\libwebp\x64\release\libwebp.tlog\lib.command.1.tlog
